#
# There is insufficient memory for the Java Runtime Environment to continue.
# Native memory allocation (malloc) failed to allocate 842704 bytes for Chunk::new
# Possible reasons:
#   The system is out of physical RAM or swap space
#   The process is running with CompressedOops enabled, and the Java Heap may be blocking the growth of the native heap
# Possible solutions:
#   Reduce memory load on the system
#   Increase physical memory or swap space
#   Check if swap backing store is full
#   Decrease Java heap size (-Xmx/-Xms)
#   Decrease number of Java threads
#   Decrease Java thread stack sizes (-Xss)
#   Set larger code cache with -XX:ReservedCodeCacheSize=
#   JVM is running with Unscaled Compressed Oops mode in which the Java heap is
#     placed in the first 4GB address space. The Java Heap base address is the
#     maximum limit for the native heap growth. Please use -XX:HeapBaseMinAddress
#     to set the Java Heap base and to place the Java Heap above 4GB virtual address.
# This output file may be truncated or incomplete.
#
#  Out of Memory Error (arena.cpp:189), pid=9968, tid=12480
#
# JRE version: OpenJDK Runtime Environment (17.0.1+12) (build 17.0.1+12-39)
# Java VM: OpenJDK 64-Bit Server VM (17.0.1+12-39, mixed mode, sharing, tiered, compressed oops, compressed class ptrs, g1 gc, windows-amd64)
# No core dump will be written. Minidumps are not enabled by default on client versions of Windows
#

---------------  S U M M A R Y ------------

Command Line: -javaagent:C:\Program Files\JetBrains\IntelliJ IDEA Community Edition 2021.2.3\lib\idea_rt.jar=53005:C:\Program Files\JetBrains\IntelliJ IDEA Community Edition 2021.2.3\bin -Dfile.encoding=UTF-8 com.example.patientmgtsystem.PatientmgtsystemApplication

Host: Intel(R) Core(TM) i5-5300U CPU @ 2.30GHz, 4 cores, 7G,  Windows 10 , 64 bit Build 19041 (10.0.19041.1466)
Time: Sun Jan 23 18:13:21 2022 South Africa Standard Time elapsed time: 39.049815 seconds (0d 0h 0m 39s)

---------------  T H R E A D  ---------------

Current thread (0x000001b979b73b80):  JavaThread "C2 CompilerThread0" daemon [_thread_in_native, id=12480, stack(0x000000613e800000,0x000000613e900000)]


Current CompileTask:
C2:  39050 4497       4       java.security.SecureClassLoader::defineClass (16 bytes)

Stack: [0x000000613e800000,0x000000613e900000]
Native frames: (J=compiled Java code, j=interpreted, Vv=VM code, C=native code)
V  [jvm.dll+0x66fa1a]
V  [jvm.dll+0x7ce5a4]
V  [jvm.dll+0x7cfd4e]
V  [jvm.dll+0x7d03b3]
V  [jvm.dll+0x242b05]
V  [jvm.dll+0xaa05b]
V  [jvm.dll+0xaa5ec]
V  [jvm.dll+0x35fa07]
V  [jvm.dll+0x1b9918]
V  [jvm.dll+0x215d49]
V  [jvm.dll+0x215011]
V  [jvm.dll+0x1a168d]
V  [jvm.dll+0x224848]
V  [jvm.dll+0x2229ac]
V  [jvm.dll+0x78435b]
V  [jvm.dll+0x77e91a]
V  [jvm.dll+0x66e845]
C  [ucrtbase.dll+0x21bb2]
C  [KERNEL32.DLL+0x17034]
C  [ntdll.dll+0x52651]


---------------  P R O C E S S  ---------------

Threads class SMR info:
_java_thread_list=0x000001b97c0bc760, length=19, elements={
0x000001b969436350, 0x000001b979b5fd00, 0x000001b979b60900, 0x000001b979b6ed80,
0x000001b979b6f840, 0x000001b979b72210, 0x000001b979b72ad0, 0x000001b979b73b80,
0x000001b979b76550, 0x000001b979bb15f0, 0x000001b979b4c010, 0x000001b97ac48250,
0x000001b97ab6e970, 0x000001b97d9bf3d0, 0x000001b97d64e040, 0x000001b97bbfa040,
0x000001b97d87e6f0, 0x000001b97d977e10, 0x000001b97bf210e0
}

Java Threads: ( => current thread )
  0x000001b969436350 JavaThread "main" [_thread_in_vm, id=10896, stack(0x000000613db00000,0x000000613dc00000)]
  0x000001b979b5fd00 JavaThread "Reference Handler" daemon [_thread_blocked, id=13208, stack(0x000000613e200000,0x000000613e300000)]
  0x000001b979b60900 JavaThread "Finalizer" daemon [_thread_blocked, id=7376, stack(0x000000613e300000,0x000000613e400000)]
  0x000001b979b6ed80 JavaThread "Signal Dispatcher" daemon [_thread_blocked, id=4372, stack(0x000000613e400000,0x000000613e500000)]
  0x000001b979b6f840 JavaThread "Attach Listener" daemon [_thread_blocked, id=8048, stack(0x000000613e500000,0x000000613e600000)]
  0x000001b979b72210 JavaThread "Service Thread" daemon [_thread_blocked, id=5260, stack(0x000000613e600000,0x000000613e700000)]
  0x000001b979b72ad0 JavaThread "Monitor Deflation Thread" daemon [_thread_blocked, id=3380, stack(0x000000613e700000,0x000000613e800000)]
=>0x000001b979b73b80 JavaThread "C2 CompilerThread0" daemon [_thread_in_native, id=12480, stack(0x000000613e800000,0x000000613e900000)]
  0x000001b979b76550 JavaThread "C1 CompilerThread0" daemon [_thread_blocked, id=9080, stack(0x000000613e900000,0x000000613ea00000)]
  0x000001b979bb15f0 JavaThread "Sweeper thread" daemon [_thread_blocked, id=14020, stack(0x000000613ea00000,0x000000613eb00000)]
  0x000001b979b4c010 JavaThread "Common-Cleaner" daemon [_thread_blocked, id=10224, stack(0x000000613eb00000,0x000000613ec00000)]
  0x000001b97ac48250 JavaThread "Monitor Ctrl-Break" daemon [_thread_in_native, id=14316, stack(0x000000613ec00000,0x000000613ed00000)]
  0x000001b97ab6e970 JavaThread "Notification Thread" daemon [_thread_blocked, id=7980, stack(0x000000613ed00000,0x000000613ee00000)]
  0x000001b97d9bf3d0 JavaThread "Catalina-utility-1" [_thread_blocked, id=2108, stack(0x000000613f400000,0x000000613f500000)]
  0x000001b97d64e040 JavaThread "Catalina-utility-2" [_thread_blocked, id=11396, stack(0x000000613f500000,0x000000613f600000)]
  0x000001b97bbfa040 JavaThread "container-0" [_thread_blocked, id=2556, stack(0x000000613f600000,0x000000613f700000)]
  0x000001b97d87e6f0 JavaThread "mysql-cj-abandoned-connection-cleanup" daemon [_thread_blocked, id=11904, stack(0x000000613f700000,0x000000613f800000)]
  0x000001b97d977e10 JavaThread "HikariPool-1 housekeeper" daemon [_thread_blocked, id=932, stack(0x000000613f800000,0x000000613f900000)]
  0x000001b97bf210e0 JavaThread "C2 CompilerThread1" daemon [_thread_in_native, id=8308, stack(0x000000613fa00000,0x000000613fb00000)]

Other Threads:
  0x000001b979b59a90 VMThread "VM Thread" [stack: 0x000000613e100000,0x000000613e200000] [id=8396]
  0x000001b97ac53110 WatcherThread [stack: 0x000000613ee00000,0x000000613ef00000] [id=9744]
  0x000001b969477b10 GCTaskThread "GC Thread#0" [stack: 0x000000613dc00000,0x000000613dd00000] [id=8928]
  0x000001b97b0766f0 GCTaskThread "GC Thread#1" [stack: 0x000000613ef00000,0x000000613f000000] [id=6164]
  0x000001b97b0769a0 GCTaskThread "GC Thread#2" [stack: 0x000000613f000000,0x000000613f100000] [id=4640]
  0x000001b97b15e180 GCTaskThread "GC Thread#3" [stack: 0x000000613f100000,0x000000613f200000] [id=12576]
  0x000001b969489bf0 ConcurrentGCThread "G1 Main Marker" [stack: 0x000000613dd00000,0x000000613de00000] [id=13060]
  0x000001b96948a3b0 ConcurrentGCThread "G1 Conc#0" [stack: 0x000000613de00000,0x000000613df00000] [id=8716]
  0x000001b969500880 ConcurrentGCThread "G1 Refine#0" [stack: 0x000000613df00000,0x000000613e000000] [id=9896]
  0x000001b97b0770d0 ConcurrentGCThread "G1 Refine#1" [stack: 0x000000613f300000,0x000000613f400000] [id=3772]
  0x000001b969505470 ConcurrentGCThread "G1 Service" [stack: 0x000000613e000000,0x000000613e100000] [id=9220]

Threads with active compile tasks:
C2 CompilerThread0    39525 4497       4       java.security.SecureClassLoader::defineClass (16 bytes)
C2 CompilerThread1    39525 4502       4       jdk.internal.loader.Resource::getByteBuffer (24 bytes)

VM state: not at safepoint (normal execution)

VM Mutex/Monitor currently owned by a thread: None

Heap address: 0x0000000081e00000, size: 2018 MB, Compressed Oops mode: 32-bit

CDS archive(s) mapped at: [0x0000000800000000-0x0000000800bc0000-0x0000000800bc0000), size 12320768, SharedBaseAddress: 0x0000000800000000, ArchiveRelocationMode: 0.
Compressed class space mapped at: 0x0000000800c00000-0x0000000840c00000, reserved size: 1073741824
Narrow klass base: 0x0000000800000000, Narrow klass shift: 0, Narrow klass range: 0x100000000

GC Precious Log:
 CPUs: 4 total, 4 available
 Memory: 8070M
 Large Page Support: Disabled
 NUMA Support: Disabled
 Compressed Oops: Enabled (32-bit)
 Heap Region Size: 1M
 Heap Min Capacity: 8M
 Heap Initial Capacity: 128M
 Heap Max Capacity: 2018M
 Pre-touch: Disabled
 Parallel Workers: 4
 Concurrent Workers: 1
 Concurrent Refinement Workers: 4
 Periodic GC: Disabled

Heap:
 garbage-first heap   total 48128K, used 34871K [0x0000000081e00000, 0x0000000100000000)
  region size 1024K, 18 young (18432K), 1 survivors (1024K)
 Metaspace       used 44588K, committed 44864K, reserved 1089536K
  class space    used 5867K, committed 6016K, reserved 1048576K

Heap Regions: E=young(eden), S=young(survivor), O=old, HS=humongous(starts), HC=humongous(continues), CS=collection set, F=free, OA=open archive, CA=closed archive, TAMS=top-at-mark-start (previous, next)
|   0|0x0000000081e00000, 0x0000000081f00000, 0x0000000081f00000|100%|HS|  |TAMS 0x0000000081f00000, 0x0000000081e00000| Complete 
|   1|0x0000000081f00000, 0x0000000082000000, 0x0000000082000000|100%| O|  |TAMS 0x0000000082000000, 0x0000000081f00000| Untracked 
|   2|0x0000000082000000, 0x0000000082100000, 0x0000000082100000|100%| O|  |TAMS 0x0000000082100000, 0x0000000082000000| Untracked 
|   3|0x0000000082100000, 0x0000000082200000, 0x0000000082200000|100%| O|  |TAMS 0x0000000082200000, 0x0000000082100000| Untracked 
|   4|0x0000000082200000, 0x0000000082300000, 0x0000000082300000|100%| O|  |TAMS 0x0000000082300000, 0x0000000082200000| Untracked 
|   5|0x0000000082300000, 0x0000000082400000, 0x0000000082400000|100%| O|  |TAMS 0x0000000082400000, 0x0000000082300000| Untracked 
|   6|0x0000000082400000, 0x0000000082500000, 0x0000000082500000|100%| O|  |TAMS 0x0000000082500000, 0x0000000082400000| Untracked 
|   7|0x0000000082500000, 0x0000000082600000, 0x0000000082600000|100%| O|  |TAMS 0x0000000082600000, 0x0000000082500000| Untracked 
|   8|0x0000000082600000, 0x0000000082700000, 0x0000000082700000|100%| O|  |TAMS 0x0000000082700000, 0x0000000082600000| Untracked 
|   9|0x0000000082700000, 0x0000000082700000, 0x0000000082800000|  0%| F|  |TAMS 0x0000000082700000, 0x0000000082700000| Untracked 
|  10|0x0000000082800000, 0x0000000082900000, 0x0000000082900000|100%| O|  |TAMS 0x0000000082800000, 0x0000000082800000| Untracked 
|  11|0x0000000082900000, 0x0000000082a00000, 0x0000000082a00000|100%| O|  |TAMS 0x0000000082900000, 0x0000000082900000| Untracked 
|  12|0x0000000082a00000, 0x0000000082b00000, 0x0000000082b00000|100%| O|  |TAMS 0x0000000082a00000, 0x0000000082a00000| Untracked 
|  13|0x0000000082b00000, 0x0000000082c00000, 0x0000000082c00000|100%| O|  |TAMS 0x0000000082b00000, 0x0000000082b00000| Untracked 
|  14|0x0000000082c00000, 0x0000000082c9f400, 0x0000000082d00000| 62%| O|  |TAMS 0x0000000082c00000, 0x0000000082c00000| Untracked 
|  15|0x0000000082d00000, 0x0000000082e00000, 0x0000000082e00000|100%| O|  |TAMS 0x0000000082e00000, 0x0000000082d00000| Untracked 
|  16|0x0000000082e00000, 0x0000000082f00000, 0x0000000082f00000|100%| O|  |TAMS 0x0000000082f00000, 0x0000000082e00000| Untracked 
|  17|0x0000000082f00000, 0x0000000083000000, 0x0000000083000000|100%| O|  |TAMS 0x0000000083000000, 0x0000000082f00000| Untracked 
|  18|0x0000000083000000, 0x0000000083100000, 0x0000000083100000|100%| O|  |TAMS 0x0000000083100000, 0x0000000083000000| Untracked 
|  19|0x0000000083100000, 0x0000000083100000, 0x0000000083200000|  0%| F|  |TAMS 0x0000000083100000, 0x0000000083100000| Untracked 
|  20|0x0000000083200000, 0x0000000083200000, 0x0000000083300000|  0%| F|  |TAMS 0x0000000083200000, 0x0000000083200000| Untracked 
|  21|0x0000000083300000, 0x0000000083300000, 0x0000000083400000|  0%| F|  |TAMS 0x0000000083300000, 0x0000000083300000| Untracked 
|  22|0x0000000083400000, 0x0000000083400000, 0x0000000083500000|  0%| F|  |TAMS 0x0000000083400000, 0x0000000083400000| Untracked 
|  23|0x0000000083500000, 0x0000000083500000, 0x0000000083600000|  0%| F|  |TAMS 0x0000000083500000, 0x0000000083500000| Untracked 
|  24|0x0000000083600000, 0x0000000083600000, 0x0000000083700000|  0%| F|  |TAMS 0x0000000083600000, 0x0000000083600000| Untracked 
|  25|0x0000000083700000, 0x0000000083700000, 0x0000000083800000|  0%| F|  |TAMS 0x0000000083700000, 0x0000000083700000| Untracked 
|  26|0x0000000083800000, 0x0000000083800000, 0x0000000083900000|  0%| F|  |TAMS 0x0000000083800000, 0x0000000083800000| Untracked 
|  27|0x0000000083900000, 0x0000000083900000, 0x0000000083a00000|  0%| F|  |TAMS 0x0000000083900000, 0x0000000083900000| Untracked 
|  28|0x0000000083a00000, 0x0000000083a00000, 0x0000000083b00000|  0%| F|  |TAMS 0x0000000083a00000, 0x0000000083a00000| Untracked 
|  29|0x0000000083b00000, 0x0000000083b35370, 0x0000000083c00000| 20%| E|  |TAMS 0x0000000083b00000, 0x0000000083b00000| Complete 
|  30|0x0000000083c00000, 0x0000000083d00000, 0x0000000083d00000|100%| E|CS|TAMS 0x0000000083c00000, 0x0000000083c00000| Complete 
|  31|0x0000000083d00000, 0x0000000083e00000, 0x0000000083e00000|100%| E|CS|TAMS 0x0000000083d00000, 0x0000000083d00000| Complete 
|  32|0x0000000083e00000, 0x0000000083f00000, 0x0000000083f00000|100%| E|CS|TAMS 0x0000000083e00000, 0x0000000083e00000| Complete 
|  33|0x0000000083f00000, 0x0000000084000000, 0x0000000084000000|100%| E|CS|TAMS 0x0000000083f00000, 0x0000000083f00000| Complete 
|  34|0x0000000084000000, 0x0000000084100000, 0x0000000084100000|100%| E|CS|TAMS 0x0000000084000000, 0x0000000084000000| Complete 
|  35|0x0000000084100000, 0x0000000084200000, 0x0000000084200000|100%| E|CS|TAMS 0x0000000084100000, 0x0000000084100000| Complete 
|  36|0x0000000084200000, 0x0000000084300000, 0x0000000084300000|100%| E|CS|TAMS 0x0000000084200000, 0x0000000084200000| Complete 
|  37|0x0000000084300000, 0x0000000084400000, 0x0000000084400000|100%| E|CS|TAMS 0x0000000084300000, 0x0000000084300000| Complete 
|  38|0x0000000084400000, 0x0000000084500000, 0x0000000084500000|100%| E|CS|TAMS 0x0000000084400000, 0x0000000084400000| Complete 
|  98|0x0000000088000000, 0x0000000088100000, 0x0000000088100000|100%| E|CS|TAMS 0x0000000088000000, 0x0000000088000000| Complete 
|  99|0x0000000088100000, 0x0000000088200000, 0x0000000088200000|100%| E|CS|TAMS 0x0000000088100000, 0x0000000088100000| Complete 
| 100|0x0000000088200000, 0x0000000088300000, 0x0000000088300000|100%| E|CS|TAMS 0x0000000088200000, 0x0000000088200000| Complete 
| 101|0x0000000088300000, 0x0000000088400000, 0x0000000088400000|100%| E|CS|TAMS 0x0000000088300000, 0x0000000088300000| Complete 
| 102|0x0000000088400000, 0x0000000088500000, 0x0000000088500000|100%| E|CS|TAMS 0x0000000088400000, 0x0000000088400000| Complete 
| 103|0x0000000088500000, 0x0000000088600000, 0x0000000088600000|100%| E|CS|TAMS 0x0000000088500000, 0x0000000088500000| Complete 
| 104|0x0000000088600000, 0x000000008866e900, 0x0000000088700000| 43%| S|CS|TAMS 0x0000000088600000, 0x0000000088600000| Complete 
| 127|0x0000000089d00000, 0x0000000089e00000, 0x0000000089e00000|100%| E|CS|TAMS 0x0000000089d00000, 0x0000000089d00000| Complete 

Card table byte_map: [0x000001b972e60000,0x000001b973260000] _byte_map_base: 0x000001b972a51000

Marking Bits (Prev, Next): (CMBitMap*) 0x000001b969478ee0, (CMBitMap*) 0x000001b969478f20
 Prev Bits: [0x000001b973660000, 0x000001b9755e8000)
 Next Bits: [0x000001b9755f0000, 0x000001b977578000)

Polling page: 0x000001b969510000

Metaspace:

Usage:
  Non-class:     37.82 MB used.
      Class:      5.73 MB used.
       Both:     43.55 MB used.

Virtual space:
  Non-class space:       40.00 MB reserved,      37.94 MB ( 95%) committed,  5 nodes.
      Class space:        1.00 GB reserved,       5.88 MB ( <1%) committed,  1 nodes.
             Both:        1.04 GB reserved,      43.81 MB (  4%) committed. 

Chunk freelists:
   Non-Class:  1.70 MB
       Class:  2.17 MB
        Both:  3.88 MB

MaxMetaspaceSize: unlimited
CompressedClassSpaceSize: 1.00 GB
Initial GC threshold: 21.00 MB
Current GC threshold: 59.81 MB
CDS: on
MetaspaceReclaimPolicy: balanced
 - commit_granule_bytes: 65536.
 - commit_granule_words: 8192.
 - virtual_space_node_default_size: 1048576.
 - enlarge_chunks_in_place: 1.
 - new_chunks_are_fully_committed: 0.
 - uncommit_free_chunks: 1.
 - use_allocation_guard: 0.
 - handle_deallocations: 1.


Internal statistics:

num_allocs_failed_limit: 12.
num_arena_births: 314.
num_arena_deaths: 0.
num_vsnodes_births: 6.
num_vsnodes_deaths: 0.
num_space_committed: 701.
num_space_uncommitted: 0.
num_chunks_returned_to_freelist: 12.
num_chunks_taken_from_freelist: 1790.
num_chunk_merges: 3.
num_chunk_splits: 1261.
num_chunks_enlarged: 1004.
num_purges: 0.
num_inconsistent_stats: 0.

CodeHeap 'non-profiled nmethods': size=120000Kb used=2501Kb max_used=2501Kb free=117498Kb
 bounds [0x000001b907ad0000, 0x000001b907d50000, 0x000001b90f000000]
CodeHeap 'profiled nmethods': size=120000Kb used=9763Kb max_used=9763Kb free=110237Kb
 bounds [0x000001b9005a0000, 0x000001b900f30000, 0x000001b907ad0000]
CodeHeap 'non-nmethods': size=5760Kb used=1290Kb max_used=1338Kb free=4469Kb
 bounds [0x000001b900000000, 0x000001b900270000, 0x000001b9005a0000]
 total_blobs=5042 nmethods=4436 adapters=518
 compilation: enabled
              stopped_count=0, restarted_count=0
 full_count=0

Compilation events (20 events):
Event: 37.548 Thread 0x000001b979b76550 4492       3       org.hibernate.event.service.internal.EventListenerRegistryImpl$Builder$$Lambda$751/0x0000000801198dc8::apply (11 bytes)
Event: 37.549 Thread 0x000001b979b76550 nmethod 4492 0x000001b900f27210 code [0x000001b900f273e0, 0x000001b900f27898]
Event: 37.568 Thread 0x000001b979b73b80 nmethod 4489 0x000001b907d27a10 code [0x000001b907d27de0, 0x000001b907d2b0f8]
Event: 37.569 Thread 0x000001b979b73b80 4488       4       jdk.internal.org.objectweb.asm.MethodWriter::visitEnd (1 bytes)
Event: 37.570 Thread 0x000001b979b73b80 nmethod 4488 0x000001b907d2cc10 code [0x000001b907d2cd80, 0x000001b907d2cdf8]
Event: 37.582 Thread 0x000001b979b73b80 4493       4       java.util.HashMap$EntryIterator::next (5 bytes)
Event: 37.614 Thread 0x000001b979b76550 4495       3       java.lang.PublicMethods$Key::equals (50 bytes)
Event: 37.615 Thread 0x000001b979b73b80 nmethod 4493 0x000001b907d2cf10 code [0x000001b907d2d0a0, 0x000001b907d2d498]
Event: 37.616 Thread 0x000001b979b76550 nmethod 4495 0x000001b900f27a90 code [0x000001b900f27c60, 0x000001b900f280c8]
Event: 37.616 Thread 0x000001b979b73b80 4494       4       java.lang.PublicMethods$Key::hashCode (19 bytes)
Event: 37.631 Thread 0x000001b979b73b80 nmethod 4494 0x000001b907d2d610 code [0x000001b907d2d7a0, 0x000001b907d2d998]
Event: 37.776 Thread 0x000001b979b73b80 4496       4       java.util.jar.Manifest::getTrustedAttributes (57 bytes)
Event: 37.862 Thread 0x000001b979b73b80 nmethod 4496 0x000001b907d2db90 code [0x000001b907d2dd40, 0x000001b907d2e408]
Event: 37.946 Thread 0x000001b979b73b80 4497       4       java.security.SecureClassLoader::defineClass (16 bytes)
Event: 38.274 Thread 0x000001b979b76550 4499       1       org.hibernate.service.spi.ServiceBinding::getService (5 bytes)
Event: 38.274 Thread 0x000001b979b76550 nmethod 4499 0x000001b907d2e910 code [0x000001b907d2eaa0, 0x000001b907d2eb78]
Event: 38.873 Thread 0x000001b979b76550 4500       3       org.apache.logging.log4j.message.AbstractMessageFactory::<init> (5 bytes)
Event: 38.873 Thread 0x000001b979b76550 nmethod 4500 0x000001b900f28190 code [0x000001b900f28320, 0x000001b900f28478]
Event: 38.874 Thread 0x000001b979b76550 4501       3       org.apache.logging.log4j.spi.AbstractLogger::narrow (21 bytes)
Event: 38.875 Thread 0x000001b979b76550 nmethod 4501 0x000001b900f28510 code [0x000001b900f286e0, 0x000001b900f28ae8]

GC Heap History (20 events):
Event: 7.560 GC heap before
{Heap before GC invocations=2 (full 0):
 garbage-first heap   total 131072K, used 26553K [0x0000000081e00000, 0x0000000100000000)
  region size 1024K, 21 young (21504K), 1 survivors (1024K)
 Metaspace       used 11034K, committed 11264K, reserved 1064960K
  class space    used 1318K, committed 1408K, reserved 1048576K
}
Event: 7.572 GC heap after
{Heap after GC invocations=3 (full 0):
 garbage-first heap   total 131072K, used 8236K [0x0000000081e00000, 0x0000000100000000)
  region size 1024K, 3 young (3072K), 3 survivors (3072K)
 Metaspace       used 11034K, committed 11264K, reserved 1064960K
  class space    used 1318K, committed 1408K, reserved 1048576K
}
Event: 12.722 GC heap before
{Heap before GC invocations=3 (full 0):
 garbage-first heap   total 131072K, used 81964K [0x0000000081e00000, 0x0000000100000000)
  region size 1024K, 76 young (77824K), 3 survivors (3072K)
 Metaspace       used 17473K, committed 17728K, reserved 1064960K
  class space    used 2112K, committed 2240K, reserved 1048576K
}
Event: 12.751 GC heap after
{Heap after GC invocations=4 (full 0):
 garbage-first heap   total 131072K, used 10351K [0x0000000081e00000, 0x0000000100000000)
  region size 1024K, 5 young (5120K), 5 survivors (5120K)
 Metaspace       used 17473K, committed 17728K, reserved 1064960K
  class space    used 2112K, committed 2240K, reserved 1048576K
}
Event: 16.767 GC heap before
{Heap before GC invocations=4 (full 0):
 garbage-first heap   total 131072K, used 32879K [0x0000000081e00000, 0x0000000100000000)
  region size 1024K, 28 young (28672K), 5 survivors (5120K)
 Metaspace       used 21242K, committed 21504K, reserved 1073152K
  class space    used 2654K, committed 2816K, reserved 1048576K
}
Event: 16.806 GC heap after
{Heap after GC invocations=5 (full 0):
 garbage-first heap   total 131072K, used 12517K [0x0000000081e00000, 0x0000000100000000)
  region size 1024K, 7 young (7168K), 7 survivors (7168K)
 Metaspace       used 21242K, committed 21504K, reserved 1073152K
  class space    used 2654K, committed 2816K, reserved 1048576K
}
Event: 19.854 GC heap before
{Heap before GC invocations=6 (full 0):
 garbage-first heap   total 48128K, used 36069K [0x0000000081e00000, 0x0000000100000000)
  region size 1024K, 32 young (32768K), 7 survivors (7168K)
 Metaspace       used 25316K, committed 25600K, reserved 1073152K
  class space    used 3171K, committed 3264K, reserved 1048576K
}
Event: 19.924 GC heap after
{Heap after GC invocations=7 (full 0):
 garbage-first heap   total 48128K, used 14107K [0x0000000081e00000, 0x0000000100000000)
  region size 1024K, 7 young (7168K), 7 survivors (7168K)
 Metaspace       used 25316K, committed 25600K, reserved 1073152K
  class space    used 3171K, committed 3264K, reserved 1048576K
}
Event: 19.941 GC heap before
{Heap before GC invocations=7 (full 0):
 garbage-first heap   total 48128K, used 33563K [0x0000000081e00000, 0x0000000100000000)
  region size 1024K, 27 young (27648K), 7 survivors (7168K)
 Metaspace       used 25316K, committed 25600K, reserved 1073152K
  class space    used 3171K, committed 3264K, reserved 1048576K
}
Event: 19.984 GC heap after
{Heap after GC invocations=8 (full 0):
 garbage-first heap   total 48128K, used 14481K [0x0000000081e00000, 0x0000000100000000)
  region size 1024K, 3 young (3072K), 3 survivors (3072K)
 Metaspace       used 25316K, committed 25600K, reserved 1073152K
  class space    used 3171K, committed 3264K, reserved 1048576K
}
Event: 22.048 GC heap before
{Heap before GC invocations=8 (full 0):
 garbage-first heap   total 48128K, used 34961K [0x0000000081e00000, 0x0000000100000000)
  region size 1024K, 24 young (24576K), 3 survivors (3072K)
 Metaspace       used 26857K, committed 27136K, reserved 1073152K
  class space    used 3377K, committed 3520K, reserved 1048576K
}
Event: 22.065 GC heap after
{Heap after GC invocations=9 (full 0):
 garbage-first heap   total 48128K, used 14996K [0x0000000081e00000, 0x0000000100000000)
  region size 1024K, 1 young (1024K), 1 survivors (1024K)
 Metaspace       used 26857K, committed 27136K, reserved 1073152K
  class space    used 3377K, committed 3520K, reserved 1048576K
}
Event: 28.724 GC heap before
{Heap before GC invocations=9 (full 0):
 garbage-first heap   total 48128K, used 36500K [0x0000000081e00000, 0x0000000100000000)
  region size 1024K, 22 young (22528K), 1 survivors (1024K)
 Metaspace       used 32718K, committed 33024K, reserved 1081344K
  class space    used 4325K, committed 4480K, reserved 1048576K
}
Event: 28.752 GC heap after
{Heap after GC invocations=10 (full 0):
 garbage-first heap   total 48128K, used 16173K [0x0000000081e00000, 0x0000000100000000)
  region size 1024K, 3 young (3072K), 3 survivors (3072K)
 Metaspace       used 32718K, committed 33024K, reserved 1081344K
  class space    used 4325K, committed 4480K, reserved 1048576K
}
Event: 30.407 GC heap before
{Heap before GC invocations=10 (full 0):
 garbage-first heap   total 48128K, used 23341K [0x0000000081e00000, 0x0000000100000000)
  region size 1024K, 11 young (11264K), 3 survivors (3072K)
 Metaspace       used 35685K, committed 35968K, reserved 1081344K
  class space    used 4652K, committed 4800K, reserved 1048576K
}
Event: 30.428 GC heap after
{Heap after GC invocations=11 (full 0):
 garbage-first heap   total 48128K, used 17556K [0x0000000081e00000, 0x0000000100000000)
  region size 1024K, 3 young (3072K), 3 survivors (3072K)
 Metaspace       used 35685K, committed 35968K, reserved 1081344K
  class space    used 4652K, committed 4800K, reserved 1048576K
}
Event: 33.589 GC heap before
{Heap before GC invocations=12 (full 0):
 garbage-first heap   total 48128K, used 37012K [0x0000000081e00000, 0x0000000100000000)
  region size 1024K, 22 young (22528K), 3 survivors (3072K)
 Metaspace       used 40457K, committed 40768K, reserved 1089536K
  class space    used 5321K, committed 5440K, reserved 1048576K
}
Event: 33.606 GC heap after
{Heap after GC invocations=13 (full 0):
 garbage-first heap   total 48128K, used 18539K [0x0000000081e00000, 0x0000000100000000)
  region size 1024K, 3 young (3072K), 3 survivors (3072K)
 Metaspace       used 40457K, committed 40768K, reserved 1089536K
  class space    used 5321K, committed 5440K, reserved 1048576K
}
Event: 33.696 GC heap before
{Heap before GC invocations=13 (full 0):
 garbage-first heap   total 48128K, used 19563K [0x0000000081e00000, 0x0000000100000000)
  region size 1024K, 4 young (4096K), 3 survivors (3072K)
 Metaspace       used 40498K, committed 40768K, reserved 1089536K
  class space    used 5322K, committed 5440K, reserved 1048576K
}
Event: 33.712 GC heap after
{Heap after GC invocations=14 (full 0):
 garbage-first heap   total 48128K, used 18487K [0x0000000081e00000, 0x0000000100000000)
  region size 1024K, 1 young (1024K), 1 survivors (1024K)
 Metaspace       used 40498K, committed 40768K, reserved 1089536K
  class space    used 5322K, committed 5440K, reserved 1048576K
}

Deoptimization events (20 events):
Event: 34.667 Thread 0x000001b969436350 Uncommon trap: trap_request=0xffffff76 fr.pc=0x000001b907ccfc08 relative=0x0000000000000b08
Event: 34.667 Thread 0x000001b969436350 Uncommon trap: reason=predicate action=maybe_recompile pc=0x000001b907ccfc08 method=java.util.TreeMap.getEntry(Ljava/lang/Object;)Ljava/util/TreeMap$Entry; @ 29 c2
Event: 34.667 Thread 0x000001b969436350 DEOPT PACKING pc=0x000001b907ccfc08 sp=0x000000613dbfe000
Event: 34.668 Thread 0x000001b969436350 DEOPT UNPACKING pc=0x000001b9000523a3 sp=0x000000613dbfdfa8 mode 2
Event: 35.416 Thread 0x000001b969436350 Uncommon trap: trap_request=0xffffff45 fr.pc=0x000001b907c32cf4 relative=0x0000000000000074
Event: 35.416 Thread 0x000001b969436350 Uncommon trap: reason=unstable_if action=reinterpret pc=0x000001b907c32cf4 method=jdk.internal.misc.Unsafe.convEndian(ZI)I @ 4 c2
Event: 35.416 Thread 0x000001b969436350 DEOPT PACKING pc=0x000001b907c32cf4 sp=0x000000613dbfdb90
Event: 35.416 Thread 0x000001b969436350 DEOPT UNPACKING pc=0x000001b9000523a3 sp=0x000000613dbfda98 mode 2
Event: 35.416 Thread 0x000001b969436350 Uncommon trap: trap_request=0xffffff45 fr.pc=0x000001b907c9d438 relative=0x0000000000000038
Event: 35.416 Thread 0x000001b969436350 Uncommon trap: reason=unstable_if action=reinterpret pc=0x000001b907c9d438 method=jdk.internal.misc.Unsafe.convEndian(ZI)I @ 4 c2
Event: 35.416 Thread 0x000001b969436350 DEOPT PACKING pc=0x000001b907c9d438 sp=0x000000613dbfdaf0
Event: 35.416 Thread 0x000001b969436350 DEOPT UNPACKING pc=0x000001b9000523a3 sp=0x000000613dbfda88 mode 2
Event: 35.469 Thread 0x000001b969436350 Uncommon trap: trap_request=0xffffff45 fr.pc=0x000001b907bf7048 relative=0x00000000000001a8
Event: 35.469 Thread 0x000001b969436350 Uncommon trap: reason=unstable_if action=reinterpret pc=0x000001b907bf7048 method=org.springframework.beans.factory.support.AbstractAutowireCapableBeanFactory.determineTargetType(Ljava/lang/String;Lorg/springframework/beans/factory/support/RootBeanDefinit
Event: 35.469 Thread 0x000001b969436350 DEOPT PACKING pc=0x000001b907bf7048 sp=0x000000613dbfdf30
Event: 35.469 Thread 0x000001b969436350 DEOPT UNPACKING pc=0x000001b9000523a3 sp=0x000000613dbfdee8 mode 2
Event: 37.550 Thread 0x000001b969436350 Uncommon trap: trap_request=0xffffff76 fr.pc=0x000001b907cbe54c relative=0x000000000000060c
Event: 37.550 Thread 0x000001b969436350 Uncommon trap: reason=predicate action=maybe_recompile pc=0x000001b907cbe54c method=java.util.TreeMap.getEntryUsingComparator(Ljava/lang/Object;)Ljava/util/TreeMap$Entry; @ 19 c2
Event: 37.550 Thread 0x000001b969436350 DEOPT PACKING pc=0x000001b907cbe54c sp=0x000000613dbfe2c0
Event: 37.550 Thread 0x000001b969436350 DEOPT UNPACKING pc=0x000001b9000523a3 sp=0x000000613dbfe270 mode 2

Classes unloaded (0 events):
No events

Classes redefined (0 events):
No events

Internal exceptions (20 events):
Event: 16.820 Thread 0x000001b969436350 Exception <a 'java/lang/NoSuchMethodError'{0x0000000089d09880}: 'java.lang.Object java.lang.invoke.DirectMethodHandle$Holder.invokeSpecialIFC(java.lang.Object, java.lang.Object, java.lang.Object)'> (0x0000000089d09880) 
thrown [t:\workspace\open\src\hotspot\share\interpreter\linkResolver.cpp, line 766]
Event: 17.167 Thread 0x000001b969436350 Exception <a 'java/lang/NoSuchMethodError'{0x0000000084442ef0}: 'int java.lang.invoke.DirectMethodHandle$Holder.invokeSpecial(java.lang.Object, java.lang.Object, java.lang.Object, java.lang.Object, java.lang.Object)'> (0x0000000084442ef0) 
thrown [t:\workspace\open\src\hotspot\share\interpreter\linkResolver.cpp, line 766]
Event: 17.457 Thread 0x000001b969436350 Exception <a 'java/lang/NoSuchMethodError'{0x000000008422c258}: 'java.lang.Object java.lang.invoke.DirectMethodHandle$Holder.invokeStatic(java.lang.Object, java.lang.Object, int)'> (0x000000008422c258) 
thrown [t:\workspace\open\src\hotspot\share\interpreter\linkResolver.cpp, line 766]
Event: 17.470 Thread 0x000001b969436350 Exception <a 'java/lang/NoSuchMethodError'{0x0000000084237bf8}: 'void java.lang.invoke.DelegatingMethodHandle$Holder.delegate(java.lang.Object, java.lang.Object, int, java.lang.Object)'> (0x0000000084237bf8) 
thrown [t:\workspace\open\src\hotspot\share\interpreter\linkResolver.cpp, line 766]
Event: 17.848 Thread 0x000001b969436350 Exception <a 'java/lang/NoSuchMethodError'{0x0000000084155058}: 'void java.lang.invoke.DirectMethodHandle$Holder.invokeInterface(java.lang.Object, java.lang.Object, int)'> (0x0000000084155058) 
thrown [t:\workspace\open\src\hotspot\share\interpreter\linkResolver.cpp, line 766]
Event: 17.861 Thread 0x000001b969436350 Exception <a 'java/lang/NoSuchMethodError'{0x000000008416f358}: 'int java.lang.invoke.DirectMethodHandle$Holder.invokeVirtual(java.lang.Object, java.lang.Object)'> (0x000000008416f358) 
thrown [t:\workspace\open\src\hotspot\share\interpreter\linkResolver.cpp, line 766]
Event: 17.922 Thread 0x000001b969436350 Exception <a 'java/lang/IncompatibleClassChangeError'{0x00000000841a8c70}: Found class java.lang.Object, but interface was expected> (0x00000000841a8c70) 
thrown [t:\workspace\open\src\hotspot\share\interpreter\linkResolver.cpp, line 833]
Event: 17.929 Thread 0x000001b969436350 Exception <a 'java/lang/NoSuchMethodError'{0x00000000841addf8}: 'void java.lang.invoke.DirectMethodHandle$Holder.invokeStatic(java.lang.Object, int, java.lang.Object)'> (0x00000000841addf8) 
thrown [t:\workspace\open\src\hotspot\share\interpreter\linkResolver.cpp, line 766]
Event: 17.961 Thread 0x000001b969436350 Exception <a 'java/lang/NoSuchMethodError'{0x00000000841dca78}: 'int java.lang.invoke.DirectMethodHandle$Holder.invokeSpecial(java.lang.Object, java.lang.Object, int)'> (0x00000000841dca78) 
thrown [t:\workspace\open\src\hotspot\share\interpreter\linkResolver.cpp, line 766]
Event: 18.615 Thread 0x000001b969436350 Exception <a 'java/lang/NoSuchMethodError'{0x0000000083da25a8}: 'java.lang.Object java.lang.invoke.DirectMethodHandle$Holder.invokeStaticInit(java.lang.Object, int, int, int, int)'> (0x0000000083da25a8) 
thrown [t:\workspace\open\src\hotspot\share\interpreter\linkResolver.cpp, line 766]
Event: 18.970 Thread 0x000001b969436350 Exception <a 'java/lang/NoSuchMethodError'{0x0000000083c729f8}: 'java.lang.Object java.lang.invoke.DirectMethodHandle$Holder.invokeStaticInit(java.lang.Object, java.lang.Object, int, int, int, int)'> (0x0000000083c729f8) 
thrown [t:\workspace\open\src\hotspot\share\interpreter\linkResolver.cpp, line 766]
Event: 19.767 Thread 0x000001b969436350 Implicit null exception at 0x000001b907b6a72c to 0x000001b907b6bdac
Event: 20.263 Thread 0x000001b969436350 Exception <a 'java/io/FileNotFoundException'{0x0000000084296b60}> (0x0000000084296b60) 
thrown [t:\workspace\open\src\hotspot\share\prims\jni.cpp, line 516]
Event: 20.499 Thread 0x000001b969436350 Exception <a 'java/lang/NoSuchMethodError'{0x00000000840d5680}: 'int java.lang.invoke.DirectMethodHandle$Holder.invokeInterface(java.lang.Object, java.lang.Object, java.lang.Object, java.lang.Object)'> (0x00000000840d5680) 
thrown [t:\workspace\open\src\hotspot\share\interpreter\linkResolver.cpp, line 766]
Event: 20.836 Thread 0x000001b969436350 Exception <a 'java/io/FileNotFoundException'{0x0000000083ec6308}> (0x0000000083ec6308) 
thrown [t:\workspace\open\src\hotspot\share\prims\jni.cpp, line 516]
Event: 22.572 Thread 0x000001b969436350 Implicit null exception at 0x000001b907bdc013 to 0x000001b907bdc578
Event: 30.133 Thread 0x000001b969436350 Exception <a 'sun/nio/fs/WindowsException'{0x00000000882c1f20}> (0x00000000882c1f20) 
thrown [t:\workspace\open\src\hotspot\share\prims\jni.cpp, line 516]
Event: 30.181 Thread 0x000001b969436350 Exception <a 'java/lang/NoSuchMethodError'{0x00000000882e1cc0}: 'int java.lang.invoke.DirectMethodHandle$Holder.invokeStaticInit(java.lang.Object, java.lang.Object, java.lang.Object, java.lang.Object)'> (0x00000000882e1cc0) 
thrown [t:\workspace\open\src\hotspot\share\interpreter\linkResolver.cpp, line 766]
Event: 32.521 Thread 0x000001b969436350 Exception <a 'java/lang/NoSuchMethodError'{0x0000000084038bd8}: 'java.lang.Object java.lang.invoke.DirectMethodHandle$Holder.invokeStaticInit(java.lang.Object, java.lang.Object, java.lang.Object, java.lang.Object)'> (0x0000000084038bd8) 
thrown [t:\workspace\open\src\hotspot\share\interpreter\linkResolver.cpp, line 766]
Event: 36.288 Thread 0x000001b969436350 Exception <a 'java/lang/NoSuchMethodError'{0x00000000843b8a80}: 'java.lang.Object java.lang.invoke.DirectMethodHandle$Holder.newInvokeSpecial(java.lang.Object, java.lang.Object, int, java.lang.Object, java.lang.Object)'> (0x00000000843b8a80) 
thrown [t:\workspace\open\src\hotspot\share\interpreter\linkResolver.cpp, line 766]

VM Operations (20 events):
Event: 31.032 Executing VM operation: HandshakeAllThreads
Event: 31.032 Executing VM operation: HandshakeAllThreads done
Event: 31.322 Executing VM operation: HandshakeAllThreads
Event: 31.322 Executing VM operation: HandshakeAllThreads done
Event: 32.335 Executing VM operation: Cleanup
Event: 32.351 Executing VM operation: Cleanup done
Event: 33.365 Executing VM operation: Cleanup
Event: 33.432 Executing VM operation: Cleanup done
Event: 33.589 Executing VM operation: G1CollectForAllocation
Event: 33.607 Executing VM operation: G1CollectForAllocation done
Event: 33.688 Executing VM operation: G1CollectForAllocation
Event: 33.717 Executing VM operation: G1CollectForAllocation done
Event: 35.725 Executing VM operation: Cleanup
Event: 35.745 Executing VM operation: Cleanup done
Event: 36.748 Executing VM operation: Cleanup
Event: 36.765 Executing VM operation: Cleanup done
Event: 37.770 Executing VM operation: Cleanup
Event: 37.770 Executing VM operation: Cleanup done
Event: 38.778 Executing VM operation: Cleanup
Event: 38.865 Executing VM operation: Cleanup done

Events (20 events):
Event: 35.417 loading class java/lang/StrictMath
Event: 35.418 loading class java/lang/StrictMath done
Event: 36.174 loading class javax/naming/RefAddr
Event: 36.175 loading class javax/naming/RefAddr done
Event: 36.175 loading class javax/naming/StringRefAddr
Event: 36.175 loading class javax/naming/StringRefAddr done
Event: 36.237 loading class java/io/InvalidObjectException
Event: 36.238 loading class java/io/InvalidObjectException done
Event: 36.496 loading class jdk/internal/reflect/UnsafeQualifiedStaticObjectFieldAccessorImpl
Event: 36.497 loading class jdk/internal/reflect/UnsafeQualifiedStaticObjectFieldAccessorImpl done
Event: 36.533 loading class java/util/concurrent/CompletionStage
Event: 36.534 loading class java/util/concurrent/CompletionStage done
Event: 36.552 loading class java/util/concurrent/CompletableFuture
Event: 36.566 loading class java/util/concurrent/CompletableFuture done
Event: 36.570 loading class java/util/concurrent/CompletableFuture$AltResult
Event: 36.570 loading class java/util/concurrent/CompletableFuture$AltResult done
Event: 36.570 loading class java/util/concurrent/CompletableFuture$Completion
Event: 36.571 loading class java/util/concurrent/CompletableFuture$AsynchronousCompletionTask
Event: 36.571 loading class java/util/concurrent/CompletableFuture$AsynchronousCompletionTask done
Event: 36.571 loading class java/util/concurrent/CompletableFuture$Completion done


Dynamic libraries:
0x00007ff794230000 - 0x00007ff79423e000 	C:\Users\Admin Oscar\.jdks\openjdk-17.0.1\bin\java.exe
0x00007ffac5e90000 - 0x00007ffac6085000 	C:\WINDOWS\SYSTEM32\ntdll.dll
0x00007ffac50a0000 - 0x00007ffac515e000 	C:\WINDOWS\System32\KERNEL32.DLL
0x00007ffac39d0000 - 0x00007ffac3c98000 	C:\WINDOWS\System32\KERNELBASE.dll
0x00007ffac38d0000 - 0x00007ffac39d0000 	C:\WINDOWS\System32\ucrtbase.dll
0x00007ffabca90000 - 0x00007ffabcaa8000 	C:\Users\Admin Oscar\.jdks\openjdk-17.0.1\bin\jli.dll
0x00007ffac4200000 - 0x00007ffac43a1000 	C:\WINDOWS\System32\USER32.dll
0x00007ffac35a0000 - 0x00007ffac35c2000 	C:\WINDOWS\System32\win32u.dll
0x00007ffac53d0000 - 0x00007ffac53fb000 	C:\WINDOWS\System32\GDI32.dll
0x00007ffac35d0000 - 0x00007ffac36dd000 	C:\WINDOWS\System32\gdi32full.dll
0x00007ffac3d30000 - 0x00007ffac3dcd000 	C:\WINDOWS\System32\msvcp_win.dll
0x00007ffab9cb0000 - 0x00007ffab9cca000 	C:\Users\Admin Oscar\.jdks\openjdk-17.0.1\bin\VCRUNTIME140.dll
0x00007ffab99e0000 - 0x00007ffab9c7a000 	C:\WINDOWS\WinSxS\amd64_microsoft.windows.common-controls_6595b64144ccf1df_6.0.19041.1110_none_60b5254171f9507e\COMCTL32.dll
0x00007ffac4990000 - 0x00007ffac4a2e000 	C:\WINDOWS\System32\msvcrt.dll
0x00007ffac5070000 - 0x00007ffac50a0000 	C:\WINDOWS\System32\IMM32.DLL
0x00007ffabd5c0000 - 0x00007ffabd5cc000 	C:\Users\Admin Oscar\.jdks\openjdk-17.0.1\bin\vcruntime140_1.dll
0x00007ffab93a0000 - 0x00007ffab942d000 	C:\Users\Admin Oscar\.jdks\openjdk-17.0.1\bin\msvcp140.dll
0x00007ffa80d40000 - 0x00007ffa818fe000 	C:\Users\Admin Oscar\.jdks\openjdk-17.0.1\bin\server\jvm.dll
0x00007ffac5310000 - 0x00007ffac53be000 	C:\WINDOWS\System32\ADVAPI32.dll
0x00007ffac43b0000 - 0x00007ffac444c000 	C:\WINDOWS\System32\sechost.dll
0x00007ffac40d0000 - 0x00007ffac41f5000 	C:\WINDOWS\System32\RPCRT4.dll
0x00007ffac53c0000 - 0x00007ffac53c8000 	C:\WINDOWS\System32\PSAPI.DLL
0x00007ffaaded0000 - 0x00007ffaaded9000 	C:\WINDOWS\SYSTEM32\WSOCK32.dll
0x00007ffab0ee0000 - 0x00007ffab0f07000 	C:\WINDOWS\SYSTEM32\WINMM.dll
0x00007ffaafa10000 - 0x00007ffaafa1a000 	C:\WINDOWS\SYSTEM32\VERSION.dll
0x00007ffac55a0000 - 0x00007ffac560b000 	C:\WINDOWS\System32\WS2_32.dll
0x00007ffac1670000 - 0x00007ffac1682000 	C:\WINDOWS\SYSTEM32\kernel.appcore.dll
0x00007ffaba960000 - 0x00007ffaba96a000 	C:\Users\Admin Oscar\.jdks\openjdk-17.0.1\bin\jimage.dll
0x00007ffaafc60000 - 0x00007ffaafe44000 	C:\WINDOWS\SYSTEM32\DBGHELP.DLL
0x00007ffaafc30000 - 0x00007ffaafc5c000 	C:\WINDOWS\SYSTEM32\dbgcore.DLL
0x00007ffac3ca0000 - 0x00007ffac3d22000 	C:\WINDOWS\System32\bcryptPrimitives.dll
0x00007ffab9e00000 - 0x00007ffab9e0e000 	C:\Users\Admin Oscar\.jdks\openjdk-17.0.1\bin\instrument.dll
0x00007ffab92c0000 - 0x00007ffab92e5000 	C:\Users\Admin Oscar\.jdks\openjdk-17.0.1\bin\java.dll
0x00007ffab9090000 - 0x00007ffab9166000 	C:\Users\Admin Oscar\.jdks\openjdk-17.0.1\bin\svml.dll
0x00007ffac5620000 - 0x00007ffac5d64000 	C:\WINDOWS\System32\SHELL32.dll
0x00007ffac1690000 - 0x00007ffac1e25000 	C:\WINDOWS\SYSTEM32\windows.storage.dll
0x00007ffac4d10000 - 0x00007ffac5065000 	C:\WINDOWS\System32\combase.dll
0x00007ffac2f80000 - 0x00007ffac2fae000 	C:\WINDOWS\SYSTEM32\Wldp.dll
0x00007ffac4020000 - 0x00007ffac40cd000 	C:\WINDOWS\System32\SHCORE.dll
0x00007ffac48d0000 - 0x00007ffac4925000 	C:\WINDOWS\System32\shlwapi.dll
0x00007ffac34e0000 - 0x00007ffac34ff000 	C:\WINDOWS\SYSTEM32\profapi.dll
0x00007ffab9280000 - 0x00007ffab9298000 	C:\Users\Admin Oscar\.jdks\openjdk-17.0.1\bin\zip.dll
0x00007ffab9380000 - 0x00007ffab9399000 	C:\Users\Admin Oscar\.jdks\openjdk-17.0.1\bin\net.dll
0x00007ffab3650000 - 0x00007ffab375c000 	C:\WINDOWS\SYSTEM32\WINHTTP.dll
0x00007ffac2c80000 - 0x00007ffac2cea000 	C:\WINDOWS\system32\mswsock.dll
0x00007ffab92a0000 - 0x00007ffab92b5000 	C:\Users\Admin Oscar\.jdks\openjdk-17.0.1\bin\nio.dll
0x00007ffab9000000 - 0x00007ffab901a000 	C:\Program Files\JetBrains\IntelliJ IDEA Community Edition 2021.2.3\bin\breakgen64.dll
0x00007ffab9d10000 - 0x00007ffab9d20000 	C:\Users\Admin Oscar\.jdks\openjdk-17.0.1\bin\verify.dll
0x00007ffab9ca0000 - 0x00007ffab9ca9000 	C:\Users\Admin Oscar\.jdks\openjdk-17.0.1\bin\management.dll
0x00007ffab9c80000 - 0x00007ffab9c8b000 	C:\Users\Admin Oscar\.jdks\openjdk-17.0.1\bin\management_ext.dll
0x00007ffaadeb0000 - 0x00007ffaadec7000 	C:\WINDOWS\system32\napinsp.dll
0x00007ffaab9d0000 - 0x00007ffaab9eb000 	C:\WINDOWS\system32\pnrpnsp.dll
0x00007ffabc580000 - 0x00007ffabc595000 	C:\WINDOWS\system32\wshbth.dll
0x00007ffabe520000 - 0x00007ffabe53d000 	C:\WINDOWS\system32\NLAapi.dll
0x00007ffac2970000 - 0x00007ffac29ab000 	C:\WINDOWS\SYSTEM32\IPHLPAPI.DLL
0x00007ffac29b0000 - 0x00007ffac2a7b000 	C:\WINDOWS\SYSTEM32\DNSAPI.dll
0x00007ffac5590000 - 0x00007ffac5598000 	C:\WINDOWS\System32\NSI.dll
0x00007ffaab9b0000 - 0x00007ffaab9c2000 	C:\WINDOWS\System32\winrnr.dll
0x00007ffab3590000 - 0x00007ffab359a000 	C:\Windows\System32\rasadhlp.dll
0x00007ffab38e0000 - 0x00007ffab395f000 	C:\WINDOWS\System32\fwpuclnt.dll
0x00007ffac38a0000 - 0x00007ffac38c7000 	C:\WINDOWS\System32\bcrypt.dll
0x00007ffac2ed0000 - 0x00007ffac2ee8000 	C:\WINDOWS\SYSTEM32\CRYPTSP.dll
0x00007ffac2600000 - 0x00007ffac2634000 	C:\WINDOWS\system32\rsaenh.dll
0x00007ffac3460000 - 0x00007ffac348e000 	C:\WINDOWS\SYSTEM32\USERENV.dll
0x00007ffac2ef0000 - 0x00007ffac2efc000 	C:\WINDOWS\SYSTEM32\CRYPTBASE.dll
0x00007ffabbc60000 - 0x00007ffabbc77000 	C:\WINDOWS\SYSTEM32\dhcpcsvc6.DLL
0x00007ffabbc40000 - 0x00007ffabbc5d000 	C:\WINDOWS\SYSTEM32\dhcpcsvc.DLL
0x00007ffab9340000 - 0x00007ffab934e000 	C:\Users\Admin Oscar\.jdks\openjdk-17.0.1\bin\sunmscapi.dll
0x00007ffac36e0000 - 0x00007ffac3836000 	C:\WINDOWS\System32\CRYPT32.dll
0x00007ffac2ff0000 - 0x00007ffac3017000 	C:\WINDOWS\SYSTEM32\ncrypt.dll
0x00007ffac2fb0000 - 0x00007ffac2feb000 	C:\WINDOWS\SYSTEM32\NTASN1.dll

dbghelp: loaded successfully - version: 4.0.5 - missing functions: none
symbol engine: initialized successfully - sym options: 0x614 - pdb path: .;C:\Users\Admin Oscar\.jdks\openjdk-17.0.1\bin;C:\WINDOWS\SYSTEM32;C:\WINDOWS\WinSxS\amd64_microsoft.windows.common-controls_6595b64144ccf1df_6.0.19041.1110_none_60b5254171f9507e;C:\Users\Admin Oscar\.jdks\openjdk-17.0.1\bin\server;C:\Program Files\JetBrains\IntelliJ IDEA Community Edition 2021.2.3\bin

VM Arguments:
jvm_args: -javaagent:C:\Program Files\JetBrains\IntelliJ IDEA Community Edition 2021.2.3\lib\idea_rt.jar=53005:C:\Program Files\JetBrains\IntelliJ IDEA Community Edition 2021.2.3\bin -Dfile.encoding=UTF-8 
java_command: com.example.patientmgtsystem.PatientmgtsystemApplication
java_class_path (initial): C:\Users\Admin Oscar\Documents\patientmgtsystem\target\classes;C:\Users\Admin Oscar\.m2\repository\org\springframework\boot\spring-boot-starter-data-jpa\2.6.3\spring-boot-starter-data-jpa-2.6.3.jar;C:\Users\Admin Oscar\.m2\repository\org\springframework\boot\spring-boot-starter-aop\2.6.3\spring-boot-starter-aop-2.6.3.jar;C:\Users\Admin Oscar\.m2\repository\org\springframework\spring-aop\5.3.15\spring-aop-5.3.15.jar;C:\Users\Admin Oscar\.m2\repository\org\aspectj\aspectjweaver\1.9.7\aspectjweaver-1.9.7.jar;C:\Users\Admin Oscar\.m2\repository\org\springframework\boot\spring-boot-starter-jdbc\2.6.3\spring-boot-starter-jdbc-2.6.3.jar;C:\Users\Admin Oscar\.m2\repository\com\zaxxer\HikariCP\4.0.3\HikariCP-4.0.3.jar;C:\Users\Admin Oscar\.m2\repository\org\springframework\spring-jdbc\5.3.15\spring-jdbc-5.3.15.jar;C:\Users\Admin Oscar\.m2\repository\jakarta\transaction\jakarta.transaction-api\1.3.3\jakarta.transaction-api-1.3.3.jar;C:\Users\Admin Oscar\.m2\repository\jakarta\persistence\jakarta.persistence-api\2.2.3\jakarta.persistence-api-2.2.3.jar;C:\Users\Admin Oscar\.m2\repository\org\hibernate\hibernate-core\5.6.4.Final\hibernate-core-5.6.4.Final.jar;C:\Users\Admin Oscar\.m2\repository\org\jboss\logging\jboss-logging\3.4.3.Final\jboss-logging-3.4.3.Final.jar;C:\Users\Admin Oscar\.m2\repository\net\bytebuddy\byte-buddy\1.11.22\byte-buddy-1.11.22.jar;C:\Users\Admin Oscar\.m2\repository\antlr\antlr\2.7.7\antlr-2.7.7.jar;C:\Users\Admin Oscar\.m2\repository\org\jboss\jandex\2.4.2.Final\jandex-2.4.2.Final.jar;C:\Users\Admin Oscar\.m2\repository\com\fasterxml\classmate\1.5.1\classmate-1.5.1.jar;C:\Users\Admin Oscar\.m2\repository\org\hibernate\common\hibernate-commons-annotations\5.1.2.Final\hibernate-commons-annotations-5.1.2.Final.jar;C:\Users\Admin Oscar\.m2\repository\org\glassfish\jaxb\jaxb-runtime\2.3.5\jaxb-runtime-2.3.5.jar;C:\Users\Admin Oscar\.m2\repository\org\glassfish\jaxb\txw2\2.3.5\txw2-2.3.5.jar;C:\Users\Admin Oscar\.m2\repository\c
Launcher Type: SUN_STANDARD

[Global flags]
     intx CICompilerCount                          = 3                                         {product} {ergonomic}
     uint ConcGCThreads                            = 1                                         {product} {ergonomic}
     uint G1ConcRefinementThreads                  = 4                                         {product} {ergonomic}
   size_t G1HeapRegionSize                         = 1048576                                   {product} {ergonomic}
    uintx GCDrainStackTargetSize                   = 64                                        {product} {ergonomic}
   size_t InitialHeapSize                          = 134217728                                 {product} {ergonomic}
   size_t MarkStackSize                            = 4194304                                   {product} {ergonomic}
   size_t MaxHeapSize                              = 2116026368                                {product} {ergonomic}
   size_t MaxNewSize                               = 1268776960                                {product} {ergonomic}
   size_t MinHeapDeltaBytes                        = 1048576                                   {product} {ergonomic}
   size_t MinHeapSize                              = 8388608                                   {product} {ergonomic}
    uintx NonNMethodCodeHeapSize                   = 5832780                                {pd product} {ergonomic}
    uintx NonProfiledCodeHeapSize                  = 122912730                              {pd product} {ergonomic}
    uintx ProfiledCodeHeapSize                     = 122912730                              {pd product} {ergonomic}
    uintx ReservedCodeCacheSize                    = 251658240                              {pd product} {ergonomic}
     bool SegmentedCodeCache                       = true                                      {product} {ergonomic}
   size_t SoftMaxHeapSize                          = 2116026368                             {manageable} {ergonomic}
     bool UseCompressedClassPointers               = true                           {product lp64_product} {ergonomic}
     bool UseCompressedOops                        = true                           {product lp64_product} {ergonomic}
     bool UseG1GC                                  = true                                      {product} {ergonomic}
     bool UseLargePagesIndividualAllocation        = false                                  {pd product} {ergonomic}

Logging:
Log output configuration:
 #0: stdout all=warning uptime,level,tags
 #1: stderr all=off uptime,level,tags

Environment Variables:
PATH=C:\WINDOWS\system32;C:\WINDOWS;C:\WINDOWS\System32\Wbem;C:\WINDOWS\System32\WindowsPowerShell\v1.0\;C:\Program Files\Intel\WiFi\bin\;C:\Program Files\Common Files\Intel\WirelessCommon\;C:\WINDOWS\System32\OpenSSH\;C:\Program Files\MySQL\MySQL Shell 8.0\bin\;C:\Program Files\Intel\WiFi\bin\;C:\Program Files\Common Files\Intel\WirelessCommon\;%USERPROFILE%\AppData\Local\Microsoft\WindowsApps;
USERNAME=Admin Oscar
OS=Windows_NT
PROCESSOR_IDENTIFIER=Intel64 Family 6 Model 61 Stepping 4, GenuineIntel



---------------  S Y S T E M  ---------------

OS:
 Windows 10 , 64 bit Build 19041 (10.0.19041.1466)
OS uptime: 1 days 2:54 hours

CPU: total 4 (initial active 4) (2 cores per cpu, 2 threads per core) family 6 model 61 stepping 4 microcode 0x2d, cx8, cmov, fxsr, ht, mmx, 3dnowpref, sse, sse2, sse3, ssse3, sse4.1, sse4.2, popcnt, lzcnt, tsc, tscinvbit, avx, avx2, aes, erms, clmul, bmi1, bmi2, rtm, adx, fma, vzeroupper, clflush

Memory: 4k page, system-wide physical 8070M (1303M free)
TotalPageFile size 32646M (AvailPageFile size 22M)
current process WorkingSet (physical memory assigned to process): 194M, peak: 198M
current process commit charge ("private bytes"): 223M, peak: 271M

vm_info: OpenJDK 64-Bit Server VM (17.0.1+12-39) for windows-amd64 JRE (17.0.1+12-39), built on Sep 27 2021 18:39:29 by "mach5one" with MS VC++ 16.8 (VS2019)

END.
