#
# There is insufficient memory for the Java Runtime Environment to continue.
# Native memory allocation (malloc) failed to allocate 1921776 bytes for Chunk::new
# Possible reasons:
#   The system is out of physical RAM or swap space
#   The process is running with CompressedOops enabled, and the Java Heap may be blocking the growth of the native heap
# Possible solutions:
#   Reduce memory load on the system
#   Increase physical memory or swap space
#   Check if swap backing store is full
#   Decrease Java heap size (-Xmx/-Xms)
#   Decrease number of Java threads
#   Decrease Java thread stack sizes (-Xss)
#   Set larger code cache with -XX:ReservedCodeCacheSize=
#   JVM is running with Unscaled Compressed Oops mode in which the Java heap is
#     placed in the first 4GB address space. The Java Heap base address is the
#     maximum limit for the native heap growth. Please use -XX:HeapBaseMinAddress
#     to set the Java Heap base and to place the Java Heap above 4GB virtual address.
# This output file may be truncated or incomplete.
#
#  Out of Memory Error (arena.cpp:189), pid=9900, tid=7980
#
# JRE version: OpenJDK Runtime Environment (17.0.1+12) (build 17.0.1+12-39)
# Java VM: OpenJDK 64-Bit Server VM (17.0.1+12-39, mixed mode, sharing, tiered, compressed oops, compressed class ptrs, g1 gc, windows-amd64)
# No core dump will be written. Minidumps are not enabled by default on client versions of Windows
#

---------------  S U M M A R Y ------------

Command Line: -javaagent:C:\Program Files\JetBrains\IntelliJ IDEA Community Edition 2021.2.3\lib\idea_rt.jar=53924:C:\Program Files\JetBrains\IntelliJ IDEA Community Edition 2021.2.3\bin -Dfile.encoding=UTF-8 com.example.patientmgtsystem.PatientmgtsystemApplication

Host: Intel(R) Core(TM) i5-5300U CPU @ 2.30GHz, 4 cores, 7G,  Windows 10 , 64 bit Build 19041 (10.0.19041.1466)
Time: Sun Jan 23 18:22:19 2022 South Africa Standard Time elapsed time: 18.641985 seconds (0d 0h 0m 18s)

---------------  T H R E A D  ---------------

Current thread (0x0000026f9dc14fa0):  JavaThread "C2 CompilerThread0" daemon [_thread_in_native, id=7980, stack(0x000000a3c3f00000,0x000000a3c4000000)]


Current CompileTask:
C2:  18642 2978       4       java.lang.invoke.MethodType::makeImpl (109 bytes)

Stack: [0x000000a3c3f00000,0x000000a3c4000000]
Native frames: (J=compiled Java code, j=interpreted, Vv=VM code, C=native code)
V  [jvm.dll+0x66fa1a]
V  [jvm.dll+0x7ce5a4]
V  [jvm.dll+0x7cfd4e]
V  [jvm.dll+0x7d03b3]
V  [jvm.dll+0x242b05]
V  [jvm.dll+0xaa05b]
V  [jvm.dll+0xaa5ec]
V  [jvm.dll+0x35f9b2]
V  [jvm.dll+0x329f51]
V  [jvm.dll+0x3293fa]
V  [jvm.dll+0x215bf1]
V  [jvm.dll+0x215011]
V  [jvm.dll+0x1a168d]
V  [jvm.dll+0x224848]
V  [jvm.dll+0x2229ac]
V  [jvm.dll+0x78435b]
V  [jvm.dll+0x77e91a]
V  [jvm.dll+0x66e845]
C  [ucrtbase.dll+0x21bb2]
C  [KERNEL32.DLL+0x17034]
C  [ntdll.dll+0x52651]


---------------  P R O C E S S  ---------------

Threads class SMR info:
_java_thread_list=0x0000026f9fe1eff0, length=14, elements={
0x0000026ffe4a6260, 0x0000026f9dbfe030, 0x0000026f9dbff640, 0x0000026f9dc11f90,
0x0000026f9dc12a50, 0x0000026f9dc13500, 0x0000026f9dc142c0, 0x0000026f9dc14fa0,
0x0000026f9dc169a0, 0x0000026f9dc376e0, 0x0000026f9dbe5be0, 0x0000026f9e9e5a30,
0x0000026f9ea6e340, 0x0000026f9fb33e70
}

Java Threads: ( => current thread )
  0x0000026ffe4a6260 JavaThread "main" [_thread_in_vm, id=12520, stack(0x000000a3c3200000,0x000000a3c3300000)]
  0x0000026f9dbfe030 JavaThread "Reference Handler" daemon [_thread_blocked, id=2564, stack(0x000000a3c3900000,0x000000a3c3a00000)]
  0x0000026f9dbff640 JavaThread "Finalizer" daemon [_thread_blocked, id=13472, stack(0x000000a3c3a00000,0x000000a3c3b00000)]
  0x0000026f9dc11f90 JavaThread "Signal Dispatcher" daemon [_thread_blocked, id=12480, stack(0x000000a3c3b00000,0x000000a3c3c00000)]
  0x0000026f9dc12a50 JavaThread "Attach Listener" daemon [_thread_blocked, id=12060, stack(0x000000a3c3c00000,0x000000a3c3d00000)]
  0x0000026f9dc13500 JavaThread "Service Thread" daemon [_thread_blocked, id=12576, stack(0x000000a3c3d00000,0x000000a3c3e00000)]
  0x0000026f9dc142c0 JavaThread "Monitor Deflation Thread" daemon [_thread_blocked, id=2424, stack(0x000000a3c3e00000,0x000000a3c3f00000)]
=>0x0000026f9dc14fa0 JavaThread "C2 CompilerThread0" daemon [_thread_in_native, id=7980, stack(0x000000a3c3f00000,0x000000a3c4000000)]
  0x0000026f9dc169a0 JavaThread "C1 CompilerThread0" daemon [_thread_blocked, id=2632, stack(0x000000a3c4000000,0x000000a3c4100000)]
  0x0000026f9dc376e0 JavaThread "Sweeper thread" daemon [_thread_blocked, id=8920, stack(0x000000a3c4100000,0x000000a3c4200000)]
  0x0000026f9dbe5be0 JavaThread "Common-Cleaner" daemon [_thread_blocked, id=372, stack(0x000000a3c4200000,0x000000a3c4300000)]
  0x0000026f9e9e5a30 JavaThread "Monitor Ctrl-Break" daemon [_thread_in_native, id=12204, stack(0x000000a3c4400000,0x000000a3c4500000)]
  0x0000026f9ea6e340 JavaThread "Notification Thread" daemon [_thread_blocked, id=9016, stack(0x000000a3c4500000,0x000000a3c4600000)]
  0x0000026f9fb33e70 JavaThread "C2 CompilerThread1" daemon [_thread_in_native, id=10012, stack(0x000000a3c4300000,0x000000a3c4400000)]

Other Threads:
  0x0000026f9dbf73c0 VMThread "VM Thread" [stack: 0x000000a3c3800000,0x000000a3c3900000] [id=11256]
  0x0000026f9ea6e810 WatcherThread [stack: 0x000000a3c4600000,0x000000a3c4700000] [id=672]
  0x0000026ffe4e7140 GCTaskThread "GC Thread#0" [stack: 0x000000a3c3300000,0x000000a3c3400000] [id=2376]
  0x0000026f9f27a130 GCTaskThread "GC Thread#1" [stack: 0x000000a3c4700000,0x000000a3c4800000] [id=120]
  0x0000026f9ed527b0 GCTaskThread "GC Thread#2" [stack: 0x000000a3c4800000,0x000000a3c4900000] [id=12844]
  0x0000026f9ee2fec0 GCTaskThread "GC Thread#3" [stack: 0x000000a3c4900000,0x000000a3c4a00000] [id=3576]
  0x0000026ffe4f7cc0 ConcurrentGCThread "G1 Main Marker" [stack: 0x000000a3c3400000,0x000000a3c3500000] [id=14020]
  0x0000026ffe4f8e70 ConcurrentGCThread "G1 Conc#0" [stack: 0x000000a3c3500000,0x000000a3c3600000] [id=10224]
  0x0000026ffe5705d0 ConcurrentGCThread "G1 Refine#0" [stack: 0x000000a3c3600000,0x000000a3c3700000] [id=6996]
  0x0000026f9f1f0f10 ConcurrentGCThread "G1 Refine#1" [stack: 0x000000a3c4a00000,0x000000a3c4b00000] [id=11560]
  0x0000026ffe570ff0 ConcurrentGCThread "G1 Service" [stack: 0x000000a3c3700000,0x000000a3c3800000] [id=9752]

Threads with active compile tasks:
C2 CompilerThread0    18896 2978       4       java.lang.invoke.MethodType::makeImpl (109 bytes)
C2 CompilerThread1    18896 3028       4       org.springframework.core.ResolvableType::forType (115 bytes)

VM state: not at safepoint (normal execution)

VM Mutex/Monitor currently owned by a thread: None

Heap address: 0x0000000081e00000, size: 2018 MB, Compressed Oops mode: 32-bit

CDS archive(s) mapped at: [0x0000000800000000-0x0000000800bc0000-0x0000000800bc0000), size 12320768, SharedBaseAddress: 0x0000000800000000, ArchiveRelocationMode: 0.
Compressed class space mapped at: 0x0000000800c00000-0x0000000840c00000, reserved size: 1073741824
Narrow klass base: 0x0000000800000000, Narrow klass shift: 0, Narrow klass range: 0x100000000

GC Precious Log:
 CPUs: 4 total, 4 available
 Memory: 8070M
 Large Page Support: Disabled
 NUMA Support: Disabled
 Compressed Oops: Enabled (32-bit)
 Heap Region Size: 1M
 Heap Min Capacity: 8M
 Heap Initial Capacity: 128M
 Heap Max Capacity: 2018M
 Pre-touch: Disabled
 Parallel Workers: 4
 Concurrent Workers: 1
 Concurrent Refinement Workers: 4
 Periodic GC: Disabled

Heap:
 garbage-first heap   total 131072K, used 30180K [0x0000000081e00000, 0x0000000100000000)
  region size 1024K, 25 young (25600K), 5 survivors (5120K)
 Metaspace       used 21223K, committed 21504K, reserved 1073152K
  class space    used 2652K, committed 2816K, reserved 1048576K

Heap Regions: E=young(eden), S=young(survivor), O=old, HS=humongous(starts), HC=humongous(continues), CS=collection set, F=free, OA=open archive, CA=closed archive, TAMS=top-at-mark-start (previous, next)
|   0|0x0000000081e00000, 0x0000000081f00000, 0x0000000081f00000|100%|HS|  |TAMS 0x0000000081e00000, 0x0000000081e00000| Complete 
|   1|0x0000000081f00000, 0x0000000082000000, 0x0000000082000000|100%| O|  |TAMS 0x0000000081f00000, 0x0000000081f00000| Untracked 
|   2|0x0000000082000000, 0x0000000082100000, 0x0000000082100000|100%| O|  |TAMS 0x0000000082000000, 0x0000000082000000| Untracked 
|   3|0x0000000082100000, 0x0000000082200000, 0x0000000082200000|100%| O|  |TAMS 0x0000000082100000, 0x0000000082100000| Untracked 
|   4|0x0000000082200000, 0x0000000082300000, 0x0000000082300000|100%| O|  |TAMS 0x0000000082200000, 0x0000000082200000| Untracked 
|   5|0x0000000082300000, 0x0000000082400000, 0x0000000082400000|100%| O|  |TAMS 0x0000000082300000, 0x0000000082300000| Untracked 
|   6|0x0000000082400000, 0x0000000082423600, 0x0000000082500000| 13%| O|  |TAMS 0x0000000082400000, 0x0000000082400000| Untracked 
|   7|0x0000000082500000, 0x0000000082500000, 0x0000000082600000|  0%| F|  |TAMS 0x0000000082500000, 0x0000000082500000| Untracked 
|   8|0x0000000082600000, 0x0000000082600000, 0x0000000082700000|  0%| F|  |TAMS 0x0000000082600000, 0x0000000082600000| Untracked 
|   9|0x0000000082700000, 0x0000000082700000, 0x0000000082800000|  0%| F|  |TAMS 0x0000000082700000, 0x0000000082700000| Untracked 
|  10|0x0000000082800000, 0x0000000082800000, 0x0000000082900000|  0%| F|  |TAMS 0x0000000082800000, 0x0000000082800000| Untracked 
|  11|0x0000000082900000, 0x0000000082900000, 0x0000000082a00000|  0%| F|  |TAMS 0x0000000082900000, 0x0000000082900000| Untracked 
|  12|0x0000000082a00000, 0x0000000082a00000, 0x0000000082b00000|  0%| F|  |TAMS 0x0000000082a00000, 0x0000000082a00000| Untracked 
|  13|0x0000000082b00000, 0x0000000082b00000, 0x0000000082c00000|  0%| F|  |TAMS 0x0000000082b00000, 0x0000000082b00000| Untracked 
|  14|0x0000000082c00000, 0x0000000082c00000, 0x0000000082d00000|  0%| F|  |TAMS 0x0000000082c00000, 0x0000000082c00000| Untracked 
|  15|0x0000000082d00000, 0x0000000082d00000, 0x0000000082e00000|  0%| F|  |TAMS 0x0000000082d00000, 0x0000000082d00000| Untracked 
|  16|0x0000000082e00000, 0x0000000082e00000, 0x0000000082f00000|  0%| F|  |TAMS 0x0000000082e00000, 0x0000000082e00000| Untracked 
|  17|0x0000000082f00000, 0x0000000082f00000, 0x0000000083000000|  0%| F|  |TAMS 0x0000000082f00000, 0x0000000082f00000| Untracked 
|  18|0x0000000083000000, 0x0000000083000000, 0x0000000083100000|  0%| F|  |TAMS 0x0000000083000000, 0x0000000083000000| Untracked 
|  19|0x0000000083100000, 0x0000000083100000, 0x0000000083200000|  0%| F|  |TAMS 0x0000000083100000, 0x0000000083100000| Untracked 
|  20|0x0000000083200000, 0x0000000083200000, 0x0000000083300000|  0%| F|  |TAMS 0x0000000083200000, 0x0000000083200000| Untracked 
|  21|0x0000000083300000, 0x0000000083300000, 0x0000000083400000|  0%| F|  |TAMS 0x0000000083300000, 0x0000000083300000| Untracked 
|  22|0x0000000083400000, 0x0000000083400000, 0x0000000083500000|  0%| F|  |TAMS 0x0000000083400000, 0x0000000083400000| Untracked 
|  23|0x0000000083500000, 0x0000000083500000, 0x0000000083600000|  0%| F|  |TAMS 0x0000000083500000, 0x0000000083500000| Untracked 
|  24|0x0000000083600000, 0x0000000083600000, 0x0000000083700000|  0%| F|  |TAMS 0x0000000083600000, 0x0000000083600000| Untracked 
|  25|0x0000000083700000, 0x0000000083700000, 0x0000000083800000|  0%| F|  |TAMS 0x0000000083700000, 0x0000000083700000| Untracked 
|  26|0x0000000083800000, 0x0000000083800000, 0x0000000083900000|  0%| F|  |TAMS 0x0000000083800000, 0x0000000083800000| Untracked 
|  27|0x0000000083900000, 0x0000000083900000, 0x0000000083a00000|  0%| F|  |TAMS 0x0000000083900000, 0x0000000083900000| Untracked 
|  28|0x0000000083a00000, 0x0000000083a00000, 0x0000000083b00000|  0%| F|  |TAMS 0x0000000083a00000, 0x0000000083a00000| Untracked 
|  29|0x0000000083b00000, 0x0000000083b00000, 0x0000000083c00000|  0%| F|  |TAMS 0x0000000083b00000, 0x0000000083b00000| Untracked 
|  30|0x0000000083c00000, 0x0000000083c00000, 0x0000000083d00000|  0%| F|  |TAMS 0x0000000083c00000, 0x0000000083c00000| Untracked 
|  31|0x0000000083d00000, 0x0000000083d00000, 0x0000000083e00000|  0%| F|  |TAMS 0x0000000083d00000, 0x0000000083d00000| Untracked 
|  32|0x0000000083e00000, 0x0000000083e00000, 0x0000000083f00000|  0%| F|  |TAMS 0x0000000083e00000, 0x0000000083e00000| Untracked 
|  33|0x0000000083f00000, 0x0000000083f00000, 0x0000000084000000|  0%| F|  |TAMS 0x0000000083f00000, 0x0000000083f00000| Untracked 
|  34|0x0000000084000000, 0x0000000084000000, 0x0000000084100000|  0%| F|  |TAMS 0x0000000084000000, 0x0000000084000000| Untracked 
|  35|0x0000000084100000, 0x0000000084100000, 0x0000000084200000|  0%| F|  |TAMS 0x0000000084100000, 0x0000000084100000| Untracked 
|  36|0x0000000084200000, 0x0000000084200000, 0x0000000084300000|  0%| F|  |TAMS 0x0000000084200000, 0x0000000084200000| Untracked 
|  37|0x0000000084300000, 0x0000000084300000, 0x0000000084400000|  0%| F|  |TAMS 0x0000000084300000, 0x0000000084300000| Untracked 
|  38|0x0000000084400000, 0x0000000084400000, 0x0000000084500000|  0%| F|  |TAMS 0x0000000084400000, 0x0000000084400000| Untracked 
|  39|0x0000000084500000, 0x0000000084500000, 0x0000000084600000|  0%| F|  |TAMS 0x0000000084500000, 0x0000000084500000| Untracked 
|  40|0x0000000084600000, 0x0000000084600000, 0x0000000084700000|  0%| F|  |TAMS 0x0000000084600000, 0x0000000084600000| Untracked 
|  41|0x0000000084700000, 0x0000000084700000, 0x0000000084800000|  0%| F|  |TAMS 0x0000000084700000, 0x0000000084700000| Untracked 
|  42|0x0000000084800000, 0x0000000084800000, 0x0000000084900000|  0%| F|  |TAMS 0x0000000084800000, 0x0000000084800000| Untracked 
|  43|0x0000000084900000, 0x0000000084900000, 0x0000000084a00000|  0%| F|  |TAMS 0x0000000084900000, 0x0000000084900000| Untracked 
|  44|0x0000000084a00000, 0x0000000084a00000, 0x0000000084b00000|  0%| F|  |TAMS 0x0000000084a00000, 0x0000000084a00000| Untracked 
|  45|0x0000000084b00000, 0x0000000084b00000, 0x0000000084c00000|  0%| F|  |TAMS 0x0000000084b00000, 0x0000000084b00000| Untracked 
|  46|0x0000000084c00000, 0x0000000084c00000, 0x0000000084d00000|  0%| F|  |TAMS 0x0000000084c00000, 0x0000000084c00000| Untracked 
|  47|0x0000000084d00000, 0x0000000084d55db8, 0x0000000084e00000| 33%| S|CS|TAMS 0x0000000084d00000, 0x0000000084d00000| Complete 
|  48|0x0000000084e00000, 0x0000000084f00000, 0x0000000084f00000|100%| S|CS|TAMS 0x0000000084e00000, 0x0000000084e00000| Complete 
|  49|0x0000000084f00000, 0x0000000085000000, 0x0000000085000000|100%| S|CS|TAMS 0x0000000084f00000, 0x0000000084f00000| Complete 
|  50|0x0000000085000000, 0x0000000085100000, 0x0000000085100000|100%| S|CS|TAMS 0x0000000085000000, 0x0000000085000000| Complete 
|  51|0x0000000085100000, 0x0000000085200000, 0x0000000085200000|100%| S|CS|TAMS 0x0000000085100000, 0x0000000085100000| Complete 
|  52|0x0000000085200000, 0x0000000085200000, 0x0000000085300000|  0%| F|  |TAMS 0x0000000085200000, 0x0000000085200000| Untracked 
|  53|0x0000000085300000, 0x0000000085300000, 0x0000000085400000|  0%| F|  |TAMS 0x0000000085300000, 0x0000000085300000| Untracked 
|  54|0x0000000085400000, 0x0000000085400000, 0x0000000085500000|  0%| F|  |TAMS 0x0000000085400000, 0x0000000085400000| Untracked 
|  55|0x0000000085500000, 0x0000000085500000, 0x0000000085600000|  0%| F|  |TAMS 0x0000000085500000, 0x0000000085500000| Untracked 
|  56|0x0000000085600000, 0x0000000085600000, 0x0000000085700000|  0%| F|  |TAMS 0x0000000085600000, 0x0000000085600000| Untracked 
|  57|0x0000000085700000, 0x0000000085700000, 0x0000000085800000|  0%| F|  |TAMS 0x0000000085700000, 0x0000000085700000| Untracked 
|  58|0x0000000085800000, 0x0000000085800000, 0x0000000085900000|  0%| F|  |TAMS 0x0000000085800000, 0x0000000085800000| Untracked 
|  59|0x0000000085900000, 0x0000000085900000, 0x0000000085a00000|  0%| F|  |TAMS 0x0000000085900000, 0x0000000085900000| Untracked 
|  60|0x0000000085a00000, 0x0000000085a00000, 0x0000000085b00000|  0%| F|  |TAMS 0x0000000085a00000, 0x0000000085a00000| Untracked 
|  61|0x0000000085b00000, 0x0000000085b00000, 0x0000000085c00000|  0%| F|  |TAMS 0x0000000085b00000, 0x0000000085b00000| Untracked 
|  62|0x0000000085c00000, 0x0000000085c00000, 0x0000000085d00000|  0%| F|  |TAMS 0x0000000085c00000, 0x0000000085c00000| Untracked 
|  63|0x0000000085d00000, 0x0000000085d00000, 0x0000000085e00000|  0%| F|  |TAMS 0x0000000085d00000, 0x0000000085d00000| Untracked 
|  64|0x0000000085e00000, 0x0000000085e00000, 0x0000000085f00000|  0%| F|  |TAMS 0x0000000085e00000, 0x0000000085e00000| Untracked 
|  65|0x0000000085f00000, 0x0000000085f00000, 0x0000000086000000|  0%| F|  |TAMS 0x0000000085f00000, 0x0000000085f00000| Untracked 
|  66|0x0000000086000000, 0x0000000086000000, 0x0000000086100000|  0%| F|  |TAMS 0x0000000086000000, 0x0000000086000000| Untracked 
|  67|0x0000000086100000, 0x0000000086100000, 0x0000000086200000|  0%| F|  |TAMS 0x0000000086100000, 0x0000000086100000| Untracked 
|  68|0x0000000086200000, 0x0000000086200000, 0x0000000086300000|  0%| F|  |TAMS 0x0000000086200000, 0x0000000086200000| Untracked 
|  69|0x0000000086300000, 0x0000000086300000, 0x0000000086400000|  0%| F|  |TAMS 0x0000000086300000, 0x0000000086300000| Untracked 
|  70|0x0000000086400000, 0x0000000086400000, 0x0000000086500000|  0%| F|  |TAMS 0x0000000086400000, 0x0000000086400000| Untracked 
|  71|0x0000000086500000, 0x0000000086500000, 0x0000000086600000|  0%| F|  |TAMS 0x0000000086500000, 0x0000000086500000| Untracked 
|  72|0x0000000086600000, 0x0000000086600000, 0x0000000086700000|  0%| F|  |TAMS 0x0000000086600000, 0x0000000086600000| Untracked 
|  73|0x0000000086700000, 0x0000000086700000, 0x0000000086800000|  0%| F|  |TAMS 0x0000000086700000, 0x0000000086700000| Untracked 
|  74|0x0000000086800000, 0x0000000086800000, 0x0000000086900000|  0%| F|  |TAMS 0x0000000086800000, 0x0000000086800000| Untracked 
|  75|0x0000000086900000, 0x0000000086900000, 0x0000000086a00000|  0%| F|  |TAMS 0x0000000086900000, 0x0000000086900000| Untracked 
|  76|0x0000000086a00000, 0x0000000086a00000, 0x0000000086b00000|  0%| F|  |TAMS 0x0000000086a00000, 0x0000000086a00000| Untracked 
|  77|0x0000000086b00000, 0x0000000086b00000, 0x0000000086c00000|  0%| F|  |TAMS 0x0000000086b00000, 0x0000000086b00000| Untracked 
|  78|0x0000000086c00000, 0x0000000086c00000, 0x0000000086d00000|  0%| F|  |TAMS 0x0000000086c00000, 0x0000000086c00000| Untracked 
|  79|0x0000000086d00000, 0x0000000086d00000, 0x0000000086e00000|  0%| F|  |TAMS 0x0000000086d00000, 0x0000000086d00000| Untracked 
|  80|0x0000000086e00000, 0x0000000086e00000, 0x0000000086f00000|  0%| F|  |TAMS 0x0000000086e00000, 0x0000000086e00000| Untracked 
|  81|0x0000000086f00000, 0x0000000086f00000, 0x0000000087000000|  0%| F|  |TAMS 0x0000000086f00000, 0x0000000086f00000| Untracked 
|  82|0x0000000087000000, 0x0000000087000000, 0x0000000087100000|  0%| F|  |TAMS 0x0000000087000000, 0x0000000087000000| Untracked 
|  83|0x0000000087100000, 0x0000000087100000, 0x0000000087200000|  0%| F|  |TAMS 0x0000000087100000, 0x0000000087100000| Untracked 
|  84|0x0000000087200000, 0x0000000087200000, 0x0000000087300000|  0%| F|  |TAMS 0x0000000087200000, 0x0000000087200000| Untracked 
|  85|0x0000000087300000, 0x0000000087300000, 0x0000000087400000|  0%| F|  |TAMS 0x0000000087300000, 0x0000000087300000| Untracked 
|  86|0x0000000087400000, 0x0000000087400000, 0x0000000087500000|  0%| F|  |TAMS 0x0000000087400000, 0x0000000087400000| Untracked 
|  87|0x0000000087500000, 0x0000000087500000, 0x0000000087600000|  0%| F|  |TAMS 0x0000000087500000, 0x0000000087500000| Untracked 
|  88|0x0000000087600000, 0x0000000087600000, 0x0000000087700000|  0%| F|  |TAMS 0x0000000087600000, 0x0000000087600000| Untracked 
|  89|0x0000000087700000, 0x0000000087700000, 0x0000000087800000|  0%| F|  |TAMS 0x0000000087700000, 0x0000000087700000| Untracked 
|  90|0x0000000087800000, 0x0000000087800000, 0x0000000087900000|  0%| F|  |TAMS 0x0000000087800000, 0x0000000087800000| Untracked 
|  91|0x0000000087900000, 0x0000000087900000, 0x0000000087a00000|  0%| F|  |TAMS 0x0000000087900000, 0x0000000087900000| Untracked 
|  92|0x0000000087a00000, 0x0000000087a00000, 0x0000000087b00000|  0%| F|  |TAMS 0x0000000087a00000, 0x0000000087a00000| Untracked 
|  93|0x0000000087b00000, 0x0000000087b00000, 0x0000000087c00000|  0%| F|  |TAMS 0x0000000087b00000, 0x0000000087b00000| Untracked 
|  94|0x0000000087c00000, 0x0000000087c00000, 0x0000000087d00000|  0%| F|  |TAMS 0x0000000087c00000, 0x0000000087c00000| Untracked 
|  95|0x0000000087d00000, 0x0000000087d00000, 0x0000000087e00000|  0%| F|  |TAMS 0x0000000087d00000, 0x0000000087d00000| Untracked 
|  96|0x0000000087e00000, 0x0000000087e00000, 0x0000000087f00000|  0%| F|  |TAMS 0x0000000087e00000, 0x0000000087e00000| Untracked 
|  97|0x0000000087f00000, 0x0000000087f00000, 0x0000000088000000|  0%| F|  |TAMS 0x0000000087f00000, 0x0000000087f00000| Untracked 
|  98|0x0000000088000000, 0x0000000088000000, 0x0000000088100000|  0%| F|  |TAMS 0x0000000088000000, 0x0000000088000000| Untracked 
|  99|0x0000000088100000, 0x0000000088100000, 0x0000000088200000|  0%| F|  |TAMS 0x0000000088100000, 0x0000000088100000| Untracked 
| 100|0x0000000088200000, 0x0000000088200000, 0x0000000088300000|  0%| F|  |TAMS 0x0000000088200000, 0x0000000088200000| Untracked 
| 101|0x0000000088300000, 0x0000000088300000, 0x0000000088400000|  0%| F|  |TAMS 0x0000000088300000, 0x0000000088300000| Untracked 
| 102|0x0000000088400000, 0x0000000088400000, 0x0000000088500000|  0%| F|  |TAMS 0x0000000088400000, 0x0000000088400000| Untracked 
| 103|0x0000000088500000, 0x0000000088500000, 0x0000000088600000|  0%| F|  |TAMS 0x0000000088500000, 0x0000000088500000| Untracked 
| 104|0x0000000088600000, 0x0000000088600000, 0x0000000088700000|  0%| F|  |TAMS 0x0000000088600000, 0x0000000088600000| Untracked 
| 105|0x0000000088700000, 0x0000000088700000, 0x0000000088800000|  0%| F|  |TAMS 0x0000000088700000, 0x0000000088700000| Untracked 
| 106|0x0000000088800000, 0x0000000088800000, 0x0000000088900000|  0%| F|  |TAMS 0x0000000088800000, 0x0000000088800000| Untracked 
| 107|0x0000000088900000, 0x0000000088900000, 0x0000000088a00000|  0%| F|  |TAMS 0x0000000088900000, 0x0000000088900000| Untracked 
| 108|0x0000000088a00000, 0x0000000088b00000, 0x0000000088b00000|100%| E|  |TAMS 0x0000000088a00000, 0x0000000088a00000| Complete 
| 109|0x0000000088b00000, 0x0000000088c00000, 0x0000000088c00000|100%| E|CS|TAMS 0x0000000088b00000, 0x0000000088b00000| Complete 
| 110|0x0000000088c00000, 0x0000000088d00000, 0x0000000088d00000|100%| E|CS|TAMS 0x0000000088c00000, 0x0000000088c00000| Complete 
| 111|0x0000000088d00000, 0x0000000088e00000, 0x0000000088e00000|100%| E|CS|TAMS 0x0000000088d00000, 0x0000000088d00000| Complete 
| 112|0x0000000088e00000, 0x0000000088f00000, 0x0000000088f00000|100%| E|CS|TAMS 0x0000000088e00000, 0x0000000088e00000| Complete 
| 113|0x0000000088f00000, 0x0000000089000000, 0x0000000089000000|100%| E|CS|TAMS 0x0000000088f00000, 0x0000000088f00000| Complete 
| 114|0x0000000089000000, 0x0000000089100000, 0x0000000089100000|100%| E|CS|TAMS 0x0000000089000000, 0x0000000089000000| Complete 
| 115|0x0000000089100000, 0x0000000089200000, 0x0000000089200000|100%| E|CS|TAMS 0x0000000089100000, 0x0000000089100000| Complete 
| 116|0x0000000089200000, 0x0000000089300000, 0x0000000089300000|100%| E|CS|TAMS 0x0000000089200000, 0x0000000089200000| Complete 
| 117|0x0000000089300000, 0x0000000089400000, 0x0000000089400000|100%| E|CS|TAMS 0x0000000089300000, 0x0000000089300000| Complete 
| 118|0x0000000089400000, 0x0000000089500000, 0x0000000089500000|100%| E|CS|TAMS 0x0000000089400000, 0x0000000089400000| Complete 
| 119|0x0000000089500000, 0x0000000089600000, 0x0000000089600000|100%| E|CS|TAMS 0x0000000089500000, 0x0000000089500000| Complete 
| 120|0x0000000089600000, 0x0000000089700000, 0x0000000089700000|100%| E|CS|TAMS 0x0000000089600000, 0x0000000089600000| Complete 
| 121|0x0000000089700000, 0x0000000089800000, 0x0000000089800000|100%| E|CS|TAMS 0x0000000089700000, 0x0000000089700000| Complete 
| 122|0x0000000089800000, 0x0000000089900000, 0x0000000089900000|100%| E|CS|TAMS 0x0000000089800000, 0x0000000089800000| Complete 
| 123|0x0000000089900000, 0x0000000089a00000, 0x0000000089a00000|100%| E|CS|TAMS 0x0000000089900000, 0x0000000089900000| Complete 
| 124|0x0000000089a00000, 0x0000000089b00000, 0x0000000089b00000|100%| E|CS|TAMS 0x0000000089a00000, 0x0000000089a00000| Complete 
| 125|0x0000000089b00000, 0x0000000089c00000, 0x0000000089c00000|100%| E|CS|TAMS 0x0000000089b00000, 0x0000000089b00000| Complete 
| 126|0x0000000089c00000, 0x0000000089d00000, 0x0000000089d00000|100%| E|CS|TAMS 0x0000000089c00000, 0x0000000089c00000| Complete 
| 127|0x0000000089d00000, 0x0000000089e00000, 0x0000000089e00000|100%| E|CS|TAMS 0x0000000089d00000, 0x0000000089d00000| Complete 

Card table byte_map: [0x0000026f96f60000,0x0000026f97360000] _byte_map_base: 0x0000026f96b51000

Marking Bits (Prev, Next): (CMBitMap*) 0x0000026ffe4e7750, (CMBitMap*) 0x0000026ffe4e7790
 Prev Bits: [0x0000026f97760000, 0x0000026f996e8000)
 Next Bits: [0x0000026f996f0000, 0x0000026f9b678000)

Polling page: 0x0000026ffe320000

Metaspace:

Usage:
  Non-class:     18.15 MB used.
      Class:      2.59 MB used.
       Both:     20.74 MB used.

Virtual space:
  Non-class space:       24.00 MB reserved,      18.25 MB ( 76%) committed,  3 nodes.
      Class space:        1.00 GB reserved,       2.75 MB ( <1%) committed,  1 nodes.
             Both:        1.02 GB reserved,      21.00 MB (  2%) committed. 

Chunk freelists:
   Non-Class:  1.75 MB
       Class:  1.28 MB
        Both:  3.03 MB

MaxMetaspaceSize: unlimited
CompressedClassSpaceSize: 1.00 GB
Initial GC threshold: 21.00 MB
Current GC threshold: 21.00 MB
CDS: on
MetaspaceReclaimPolicy: balanced
 - commit_granule_bytes: 65536.
 - commit_granule_words: 8192.
 - virtual_space_node_default_size: 1048576.
 - enlarge_chunks_in_place: 1.
 - new_chunks_are_fully_committed: 0.
 - uncommit_free_chunks: 1.
 - use_allocation_guard: 0.
 - handle_deallocations: 1.


Internal statistics:

num_allocs_failed_limit: 0.
num_arena_births: 236.
num_arena_deaths: 0.
num_vsnodes_births: 4.
num_vsnodes_deaths: 0.
num_space_committed: 336.
num_space_uncommitted: 0.
num_chunks_returned_to_freelist: 0.
num_chunks_taken_from_freelist: 1003.
num_chunk_merges: 0.
num_chunk_splits: 662.
num_chunks_enlarged: 503.
num_purges: 0.
num_inconsistent_stats: 0.

CodeHeap 'non-profiled nmethods': size=120000Kb used=1312Kb max_used=1312Kb free=118687Kb
 bounds [0x0000026f8f1f0000, 0x0000026f8f460000, 0x0000026f96720000]
CodeHeap 'profiled nmethods': size=120000Kb used=6622Kb max_used=6622Kb free=113377Kb
 bounds [0x0000026f87cc0000, 0x0000026f88340000, 0x0000026f8f1f0000]
CodeHeap 'non-nmethods': size=5760Kb used=1178Kb max_used=1223Kb free=4581Kb
 bounds [0x0000026f87720000, 0x0000026f87990000, 0x0000026f87cc0000]
 total_blobs=3510 nmethods=3041 adapters=381
 compilation: enabled
              stopped_count=0, restarted_count=0
 full_count=0

Compilation events (20 events):
Event: 18.570 Thread 0x0000026f9dc169a0 3031   !   3       jdk.proxy2.$Proxy10::annotationType (29 bytes)
Event: 18.571 Thread 0x0000026f9dc169a0 nmethod 3031 0x0000026f88322690 code [0x0000026f88322860, 0x0000026f88322c58]
Event: 18.590 Thread 0x0000026f9dc169a0 3035       3       org.springframework.core.BridgeMethodResolver::isVisibilityBridgeMethodPair (52 bytes)
Event: 18.594 Thread 0x0000026f9dc169a0 nmethod 3035 0x0000026f88322e10 code [0x0000026f88323020, 0x0000026f88323908]
Event: 18.599 Thread 0x0000026f9dc169a0 3036       3       java.beans.Introspector::addMethod (196 bytes)
Event: 18.602 Thread 0x0000026f9dc169a0 nmethod 3036 0x0000026f88323b90 code [0x0000026f88323e20, 0x0000026f88324b68]
Event: 18.602 Thread 0x0000026f9dc169a0 3037       3       com.sun.beans.introspect.PropertyInfo::get (22 bytes)
Event: 18.602 Thread 0x0000026f9dc169a0 nmethod 3037 0x0000026f88324f90 code [0x0000026f88325140, 0x0000026f88325368]
Event: 18.603 Thread 0x0000026f9dc169a0 3038       3       java.util.Hashtable::addEntry (87 bytes)
Event: 18.604 Thread 0x0000026f9dc169a0 nmethod 3038 0x0000026f88325410 code [0x0000026f88325600, 0x0000026f88325d58]
Event: 18.605 Thread 0x0000026f9dc169a0 3039       3       java.lang.reflect.Method::getTypeParameters (20 bytes)
Event: 18.610 Thread 0x0000026f9dc169a0 nmethod 3039 0x0000026f88326010 code [0x0000026f88326280, 0x0000026f88327068]
Event: 18.610 Thread 0x0000026f9dc169a0 3040       3       sun.reflect.generics.repository.GenericDeclRepository::getTypeParameters (27 bytes)
Event: 18.613 Thread 0x0000026f9dc169a0 nmethod 3040 0x0000026f88327490 code [0x0000026f88327660, 0x0000026f88327a38]
Event: 18.613 Thread 0x0000026f9dc169a0 3041       3       com.sun.beans.util.Cache::index (7 bytes)
Event: 18.613 Thread 0x0000026f9dc169a0 nmethod 3041 0x0000026f88327b10 code [0x0000026f88327ca0, 0x0000026f88327d98]
Event: 18.622 Thread 0x0000026f9dc169a0 3042       3       org.springframework.core.annotation.AnnotationsScanner::processMethod (116 bytes)
Event: 18.626 Thread 0x0000026f9dc169a0 nmethod 3042 0x0000026f88327e90 code [0x0000026f88328120, 0x0000026f88328ca8]
Event: 18.626 Thread 0x0000026f9dc169a0 3043       3       java.lang.reflect.Method::getGenericParameterTypes (5 bytes)
Event: 18.633 Thread 0x0000026f9dc169a0 nmethod 3043 0x0000026f88329090 code [0x0000026f88329340, 0x0000026f8832a3f8]

GC Heap History (8 events):
Event: 2.648 GC heap before
{Heap before GC invocations=0 (full 0):
 garbage-first heap   total 131072K, used 14336K [0x0000000081e00000, 0x0000000100000000)
  region size 1024K, 13 young (13312K), 0 survivors (0K)
 Metaspace       used 2771K, committed 2944K, reserved 1056768K
  class space    used 252K, committed 320K, reserved 1048576K
}
Event: 2.682 GC heap after
{Heap after GC invocations=1 (full 0):
 garbage-first heap   total 131072K, used 6176K [0x0000000081e00000, 0x0000000100000000)
  region size 1024K, 2 young (2048K), 2 survivors (2048K)
 Metaspace       used 2771K, committed 2944K, reserved 1056768K
  class space    used 252K, committed 320K, reserved 1048576K
}
Event: 4.710 GC heap before
{Heap before GC invocations=1 (full 0):
 garbage-first heap   total 131072K, used 15392K [0x0000000081e00000, 0x0000000100000000)
  region size 1024K, 11 young (11264K), 2 survivors (2048K)
 Metaspace       used 5662K, committed 5824K, reserved 1056768K
  class space    used 645K, committed 768K, reserved 1048576K
}
Event: 4.725 GC heap after
{Heap after GC invocations=2 (full 0):
 garbage-first heap   total 131072K, used 7228K [0x0000000081e00000, 0x0000000100000000)
  region size 1024K, 1 young (1024K), 1 survivors (1024K)
 Metaspace       used 5662K, committed 5824K, reserved 1056768K
  class space    used 645K, committed 768K, reserved 1048576K
}
Event: 8.138 GC heap before
{Heap before GC invocations=2 (full 0):
 garbage-first heap   total 131072K, used 27708K [0x0000000081e00000, 0x0000000100000000)
  region size 1024K, 22 young (22528K), 1 survivors (1024K)
 Metaspace       used 11324K, committed 11456K, reserved 1064960K
  class space    used 1340K, committed 1408K, reserved 1048576K
}
Event: 8.159 GC heap after
{Heap after GC invocations=3 (full 0):
 garbage-first heap   total 131072K, used 8415K [0x0000000081e00000, 0x0000000100000000)
  region size 1024K, 3 young (3072K), 3 survivors (3072K)
 Metaspace       used 11324K, committed 11456K, reserved 1064960K
  class space    used 1340K, committed 1408K, reserved 1048576K
}
Event: 13.931 GC heap before
{Heap before GC invocations=3 (full 0):
 garbage-first heap   total 131072K, used 82143K [0x0000000081e00000, 0x0000000100000000)
  region size 1024K, 76 young (77824K), 3 survivors (3072K)
 Metaspace       used 17715K, committed 17984K, reserved 1064960K
  class space    used 2148K, committed 2240K, reserved 1048576K
}
Event: 13.961 GC heap after
{Heap after GC invocations=4 (full 0):
 garbage-first heap   total 131072K, used 10724K [0x0000000081e00000, 0x0000000100000000)
  region size 1024K, 5 young (5120K), 5 survivors (5120K)
 Metaspace       used 17715K, committed 17984K, reserved 1064960K
  class space    used 2148K, committed 2240K, reserved 1048576K
}

Deoptimization events (20 events):
Event: 17.267 Thread 0x0000026ffe4a6260 Uncommon trap: trap_request=0xffffff45 fr.pc=0x0000026f8f303ef8 relative=0x0000000000000438
Event: 17.267 Thread 0x0000026ffe4a6260 Uncommon trap: reason=unstable_if action=reinterpret pc=0x0000026f8f303ef8 method=org.springframework.beans.factory.support.AbstractBeanFactory.hasInstantiationAwareBeanPostProcessors()Z @ 12 c2
Event: 17.267 Thread 0x0000026ffe4a6260 DEOPT PACKING pc=0x0000026f8f303ef8 sp=0x000000a3c32fea00
Event: 17.267 Thread 0x0000026ffe4a6260 DEOPT UNPACKING pc=0x0000026f877723a3 sp=0x000000a3c32fe8c8 mode 2
Event: 17.740 Thread 0x0000026ffe4a6260 Uncommon trap: trap_request=0xffffff45 fr.pc=0x0000026f8f302594 relative=0x0000000000000bb4
Event: 17.740 Thread 0x0000026ffe4a6260 Uncommon trap: reason=unstable_if action=reinterpret pc=0x0000026f8f302594 method=org.springframework.beans.factory.support.DefaultSingletonBeanRegistry.getSingleton(Ljava/lang/String;Z)Ljava/lang/Object; @ 20 c2
Event: 17.740 Thread 0x0000026ffe4a6260 DEOPT PACKING pc=0x0000026f8f302594 sp=0x000000a3c32fd980
Event: 17.740 Thread 0x0000026ffe4a6260 DEOPT UNPACKING pc=0x0000026f877723a3 sp=0x000000a3c32fd918 mode 2
Event: 17.751 Thread 0x0000026ffe4a6260 Uncommon trap: trap_request=0xffffffde fr.pc=0x0000026f8f31ff90 relative=0x0000000000000ad0
Event: 17.751 Thread 0x0000026ffe4a6260 Uncommon trap: reason=class_check action=maybe_recompile pc=0x0000026f8f31ff90 method=org.springframework.beans.factory.support.AbstractBeanFactory.getBeanPostProcessorCache()Lorg/springframework/beans/factory/support/AbstractBeanFactory$BeanPostProcessor
Event: 17.751 Thread 0x0000026ffe4a6260 DEOPT PACKING pc=0x0000026f8f31ff90 sp=0x000000a3c32fe910
Event: 17.751 Thread 0x0000026ffe4a6260 DEOPT UNPACKING pc=0x0000026f877723a3 sp=0x000000a3c32fe8e8 mode 2
Event: 18.057 Thread 0x0000026ffe4a6260 Uncommon trap: trap_request=0xffffff45 fr.pc=0x0000026f8f322890 relative=0x0000000000000130
Event: 18.057 Thread 0x0000026ffe4a6260 Uncommon trap: reason=unstable_if action=reinterpret pc=0x0000026f8f322890 method=org.springframework.beans.factory.support.AbstractAutowireCapableBeanFactory.predictBeanType(Ljava/lang/String;Lorg/springframework/beans/factory/support/RootBeanDefinition;
Event: 18.057 Thread 0x0000026ffe4a6260 DEOPT PACKING pc=0x0000026f8f322890 sp=0x000000a3c32fdfa0
Event: 18.057 Thread 0x0000026ffe4a6260 DEOPT UNPACKING pc=0x0000026f877723a3 sp=0x000000a3c32fdf48 mode 2
Event: 18.547 Thread 0x0000026ffe4a6260 Uncommon trap: trap_request=0xffffffde fr.pc=0x0000026f8f31ff90 relative=0x0000000000000ad0
Event: 18.547 Thread 0x0000026ffe4a6260 Uncommon trap: reason=class_check action=maybe_recompile pc=0x0000026f8f31ff90 method=org.springframework.beans.factory.support.AbstractBeanFactory.getBeanPostProcessorCache()Lorg/springframework/beans/factory/support/AbstractBeanFactory$BeanPostProcessor
Event: 18.547 Thread 0x0000026ffe4a6260 DEOPT PACKING pc=0x0000026f8f31ff90 sp=0x000000a3c32fe860
Event: 18.547 Thread 0x0000026ffe4a6260 DEOPT UNPACKING pc=0x0000026f877723a3 sp=0x000000a3c32fe840 mode 2

Classes unloaded (0 events):
No events

Classes redefined (0 events):
No events

Internal exceptions (20 events):
Event: 17.869 Thread 0x0000026ffe4a6260 Exception <a 'java/lang/ClassNotFoundException'{0x0000000088d6fa40}: org/springframework/aop/framework/ProxyConfigCustomizer> (0x0000000088d6fa40) 
thrown [t:\workspace\open\src\hotspot\share\classfile\systemDictionary.cpp, line 256]
Event: 17.875 Thread 0x0000026ffe4a6260 Exception <a 'java/lang/ClassNotFoundException'{0x0000000088d7b118}: org/springframework/aop/framework/ProxyProcessorSupportCustomizer> (0x0000000088d7b118) 
thrown [t:\workspace\open\src\hotspot\share\classfile\systemDictionary.cpp, line 256]
Event: 17.879 Thread 0x0000026ffe4a6260 Exception <a 'java/lang/ClassNotFoundException'{0x0000000088d83468}: org/springframework/aop/framework/autoproxy/AbstractAutoProxyCreatorCustomizer> (0x0000000088d83468) 
thrown [t:\workspace\open\src\hotspot\share\classfile\systemDictionary.cpp, line 256]
Event: 17.891 Thread 0x0000026ffe4a6260 Exception <a 'java/lang/ClassNotFoundException'{0x0000000088d97ae8}: org/springframework/aop/framework/autoproxy/AbstractAdvisorAutoProxyCreatorCustomizer> (0x0000000088d97ae8) 
thrown [t:\workspace\open\src\hotspot\share\classfile\systemDictionary.cpp, line 256]
Event: 17.895 Thread 0x0000026ffe4a6260 Exception <a 'java/lang/ClassNotFoundException'{0x0000000088d9f648}: org/springframework/aop/aspectj/autoproxy/AspectJAwareAdvisorAutoProxyCreatorCustomizer> (0x0000000088d9f648) 
thrown [t:\workspace\open\src\hotspot\share\classfile\systemDictionary.cpp, line 256]
Event: 17.897 Thread 0x0000026ffe4a6260 Exception <a 'java/lang/ClassNotFoundException'{0x0000000088da58d8}: org/springframework/aop/aspectj/annotation/AnnotationAwareAspectJAutoProxyCreatorCustomizer> (0x0000000088da58d8) 
thrown [t:\workspace\open\src\hotspot\share\classfile\systemDictionary.cpp, line 256]
Event: 17.908 Thread 0x0000026ffe4a6260 Exception <a 'java/lang/ClassNotFoundException'{0x0000000088dbcdc8}: org/springframework/beans/factory/config/SmartInstantiationAwareBeanPostProcessorCustomizer> (0x0000000088dbcdc8) 
thrown [t:\workspace\open\src\hotspot\share\classfile\systemDictionary.cpp, line 256]
Event: 17.914 Thread 0x0000026ffe4a6260 Exception <a 'java/lang/ClassNotFoundException'{0x0000000088dc4698}: org/springframework/beans/factory/config/InstantiationAwareBeanPostProcessorCustomizer> (0x0000000088dc4698) 
thrown [t:\workspace\open\src\hotspot\share\classfile\systemDictionary.cpp, line 256]
Event: 17.919 Thread 0x0000026ffe4a6260 Exception <a 'java/lang/ClassNotFoundException'{0x0000000088dcb8b0}: org/springframework/beans/factory/config/BeanPostProcessorCustomizer> (0x0000000088dcb8b0) 
thrown [t:\workspace\open\src\hotspot\share\classfile\systemDictionary.cpp, line 256]
Event: 17.924 Thread 0x0000026ffe4a6260 Exception <a 'java/lang/ClassNotFoundException'{0x0000000088dd0570}: org/springframework/beans/factory/BeanFactoryAwareCustomizer> (0x0000000088dd0570) 
thrown [t:\workspace\open\src\hotspot\share\classfile\systemDictionary.cpp, line 256]
Event: 17.928 Thread 0x0000026ffe4a6260 Exception <a 'java/lang/ClassNotFoundException'{0x0000000088dd51a0}: org/springframework/beans/factory/AwareCustomizer> (0x0000000088dd51a0) 
thrown [t:\workspace\open\src\hotspot\share\classfile\systemDictionary.cpp, line 256]
Event: 17.930 Thread 0x0000026ffe4a6260 Exception <a 'java/lang/ClassNotFoundException'{0x0000000088dd82d0}: org/springframework/core/OrderedCustomizer> (0x0000000088dd82d0) 
thrown [t:\workspace\open\src\hotspot\share\classfile\systemDictionary.cpp, line 256]
Event: 17.933 Thread 0x0000026ffe4a6260 Exception <a 'java/lang/ClassNotFoundException'{0x0000000088ddc370}: org/springframework/beans/factory/BeanClassLoaderAwareCustomizer> (0x0000000088ddc370) 
thrown [t:\workspace\open\src\hotspot\share\classfile\systemDictionary.cpp, line 256]
Event: 17.935 Thread 0x0000026ffe4a6260 Exception <a 'java/lang/ClassNotFoundException'{0x0000000088de04e0}: org/springframework/beans/factory/AwareCustomizer> (0x0000000088de04e0) 
thrown [t:\workspace\open\src\hotspot\share\classfile\systemDictionary.cpp, line 256]
Event: 17.941 Thread 0x0000026ffe4a6260 Exception <a 'java/lang/ClassNotFoundException'{0x0000000088de3a50}: org/springframework/aop/framework/AopInfrastructureBeanCustomizer> (0x0000000088de3a50) 
thrown [t:\workspace\open\src\hotspot\share\classfile\systemDictionary.cpp, line 256]
Event: 18.598 Thread 0x0000026ffe4a6260 Exception <a 'java/lang/ClassNotFoundException'{0x0000000088b50cd0}: java/lang/ObjectCustomizer> (0x0000000088b50cd0) 
thrown [t:\workspace\open\src\hotspot\share\classfile\systemDictionary.cpp, line 256]
Event: 18.601 Thread 0x0000026ffe4a6260 Exception <a 'java/lang/ClassNotFoundException'{0x0000000088b57c00}: org/springframework/transaction/annotation/AbstractTransactionManagementConfigurationCustomizer> (0x0000000088b57c00) 
thrown [t:\workspace\open\src\hotspot\share\classfile\systemDictionary.cpp, line 256]
Event: 18.604 Thread 0x0000026ffe4a6260 Exception <a 'java/lang/ClassNotFoundException'{0x0000000088b5dd80}: org/springframework/transaction/annotation/ProxyTransactionManagementConfigurationCustomizer> (0x0000000088b5dd80) 
thrown [t:\workspace\open\src\hotspot\share\classfile\systemDictionary.cpp, line 256]
Event: 18.614 Thread 0x0000026ffe4a6260 Exception <a 'java/lang/ClassNotFoundException'{0x0000000088b65210}: org/springframework/context/annotation/ImportAwareCustomizer> (0x0000000088b65210) 
thrown [t:\workspace\open\src\hotspot\share\classfile\systemDictionary.cpp, line 256]
Event: 18.616 Thread 0x0000026ffe4a6260 Exception <a 'java/lang/ClassNotFoundException'{0x0000000088b697c0}: org/springframework/beans/factory/AwareCustomizer> (0x0000000088b697c0) 
thrown [t:\workspace\open\src\hotspot\share\classfile\systemDictionary.cpp, line 256]

VM Operations (20 events):
Event: 14.424 Executing VM operation: HandshakeAllThreads
Event: 14.424 Executing VM operation: HandshakeAllThreads done
Event: 14.427 Executing VM operation: HandshakeAllThreads
Event: 14.427 Executing VM operation: HandshakeAllThreads done
Event: 14.533 Executing VM operation: HandshakeAllThreads
Event: 14.533 Executing VM operation: HandshakeAllThreads done
Event: 14.932 Executing VM operation: HandshakeAllThreads
Event: 14.933 Executing VM operation: HandshakeAllThreads done
Event: 15.942 Executing VM operation: Cleanup
Event: 15.945 Executing VM operation: Cleanup done
Event: 16.827 Executing VM operation: HandshakeAllThreads
Event: 16.827 Executing VM operation: HandshakeAllThreads done
Event: 17.840 Executing VM operation: Cleanup
Event: 17.841 Executing VM operation: Cleanup done
Event: 17.856 Executing VM operation: HandshakeAllThreads
Event: 17.856 Executing VM operation: HandshakeAllThreads done
Event: 17.860 Executing VM operation: HandshakeAllThreads
Event: 17.860 Executing VM operation: HandshakeAllThreads done
Event: 18.003 Executing VM operation: HandshakeAllThreads
Event: 18.004 Executing VM operation: HandshakeAllThreads done

Events (20 events):
Event: 17.173 loading class jdk/internal/reflect/UnsafeStaticObjectFieldAccessorImpl done
Event: 17.232 Thread 0x0000026f9fb33e70 Thread added: 0x0000026f9fb33e70
Event: 17.266 loading class sun/reflect/generics/tree/BooleanSignature
Event: 17.267 loading class sun/reflect/generics/tree/BooleanSignature done
Event: 17.709 loading class javax/xml/ws$WebServiceRef
Event: 17.709 loading class javax/xml/ws$WebServiceRef done
Event: 17.725 loading class javax/naming/NameNotFoundException
Event: 17.726 loading class javax/naming/NameNotFoundException done
Event: 17.865 loading class java/lang/ObjectCustomizer
Event: 17.865 loading class java/lang/ObjectCustomizer done
Event: 17.866 loading class java/lang/ObjectCustomizer
Event: 17.866 loading class java/lang/ObjectCustomizer done
Event: 17.880 loading class sun/reflect/generics/reflectiveObjects/GenericArrayTypeImpl
Event: 17.881 loading class sun/reflect/generics/reflectiveObjects/GenericArrayTypeImpl done
Event: 18.482 loading class java/lang/Class$EnclosingMethodInfo
Event: 18.482 loading class java/lang/Class$EnclosingMethodInfo done
Event: 18.598 loading class java/lang/ObjectCustomizer
Event: 18.598 loading class java/lang/ObjectCustomizer done
Event: 18.598 loading class java/lang/ObjectCustomizer
Event: 18.598 loading class java/lang/ObjectCustomizer done


Dynamic libraries:
0x00007ff794230000 - 0x00007ff79423e000 	C:\Users\Admin Oscar\.jdks\openjdk-17.0.1\bin\java.exe
0x00007ffac5e90000 - 0x00007ffac6085000 	C:\WINDOWS\SYSTEM32\ntdll.dll
0x00007ffac50a0000 - 0x00007ffac515e000 	C:\WINDOWS\System32\KERNEL32.DLL
0x00007ffac39d0000 - 0x00007ffac3c98000 	C:\WINDOWS\System32\KERNELBASE.dll
0x00007ffac38d0000 - 0x00007ffac39d0000 	C:\WINDOWS\System32\ucrtbase.dll
0x00007ffabd4c0000 - 0x00007ffabd4d8000 	C:\Users\Admin Oscar\.jdks\openjdk-17.0.1\bin\jli.dll
0x00007ffac4200000 - 0x00007ffac43a1000 	C:\WINDOWS\System32\USER32.dll
0x00007ffac35a0000 - 0x00007ffac35c2000 	C:\WINDOWS\System32\win32u.dll
0x00007ffac53d0000 - 0x00007ffac53fb000 	C:\WINDOWS\System32\GDI32.dll
0x00007ffac35d0000 - 0x00007ffac36dd000 	C:\WINDOWS\System32\gdi32full.dll
0x00007ffac3d30000 - 0x00007ffac3dcd000 	C:\WINDOWS\System32\msvcp_win.dll
0x00007ffabd4a0000 - 0x00007ffabd4ba000 	C:\Users\Admin Oscar\.jdks\openjdk-17.0.1\bin\VCRUNTIME140.dll
0x00007ffab99e0000 - 0x00007ffab9c7a000 	C:\WINDOWS\WinSxS\amd64_microsoft.windows.common-controls_6595b64144ccf1df_6.0.19041.1110_none_60b5254171f9507e\COMCTL32.dll
0x00007ffac4990000 - 0x00007ffac4a2e000 	C:\WINDOWS\System32\msvcrt.dll
0x00007ffac5070000 - 0x00007ffac50a0000 	C:\WINDOWS\System32\IMM32.DLL
0x00007ffabd5c0000 - 0x00007ffabd5cc000 	C:\Users\Admin Oscar\.jdks\openjdk-17.0.1\bin\vcruntime140_1.dll
0x00007ffab93a0000 - 0x00007ffab942d000 	C:\Users\Admin Oscar\.jdks\openjdk-17.0.1\bin\msvcp140.dll
0x00007ffa80d40000 - 0x00007ffa818fe000 	C:\Users\Admin Oscar\.jdks\openjdk-17.0.1\bin\server\jvm.dll
0x00007ffac5310000 - 0x00007ffac53be000 	C:\WINDOWS\System32\ADVAPI32.dll
0x00007ffac43b0000 - 0x00007ffac444c000 	C:\WINDOWS\System32\sechost.dll
0x00007ffac40d0000 - 0x00007ffac41f5000 	C:\WINDOWS\System32\RPCRT4.dll
0x00007ffac53c0000 - 0x00007ffac53c8000 	C:\WINDOWS\System32\PSAPI.DLL
0x00007ffaaded0000 - 0x00007ffaaded9000 	C:\WINDOWS\SYSTEM32\WSOCK32.dll
0x00007ffab0ee0000 - 0x00007ffab0f07000 	C:\WINDOWS\SYSTEM32\WINMM.dll
0x00007ffac55a0000 - 0x00007ffac560b000 	C:\WINDOWS\System32\WS2_32.dll
0x00007ffaafa10000 - 0x00007ffaafa1a000 	C:\WINDOWS\SYSTEM32\VERSION.dll
0x00007ffac1670000 - 0x00007ffac1682000 	C:\WINDOWS\SYSTEM32\kernel.appcore.dll
0x00007ffabd460000 - 0x00007ffabd46a000 	C:\Users\Admin Oscar\.jdks\openjdk-17.0.1\bin\jimage.dll
0x00007ffaafc60000 - 0x00007ffaafe44000 	C:\WINDOWS\SYSTEM32\DBGHELP.DLL
0x00007ffaafc30000 - 0x00007ffaafc5c000 	C:\WINDOWS\SYSTEM32\dbgcore.DLL
0x00007ffac3ca0000 - 0x00007ffac3d22000 	C:\WINDOWS\System32\bcryptPrimitives.dll
0x00007ffabcaa0000 - 0x00007ffabcaae000 	C:\Users\Admin Oscar\.jdks\openjdk-17.0.1\bin\instrument.dll
0x00007ffab9ca0000 - 0x00007ffab9cc5000 	C:\Users\Admin Oscar\.jdks\openjdk-17.0.1\bin\java.dll
0x00007ffab9090000 - 0x00007ffab9166000 	C:\Users\Admin Oscar\.jdks\openjdk-17.0.1\bin\svml.dll
0x00007ffac5620000 - 0x00007ffac5d64000 	C:\WINDOWS\System32\SHELL32.dll
0x00007ffac1690000 - 0x00007ffac1e25000 	C:\WINDOWS\SYSTEM32\windows.storage.dll
0x00007ffac4d10000 - 0x00007ffac5065000 	C:\WINDOWS\System32\combase.dll
0x00007ffac2f80000 - 0x00007ffac2fae000 	C:\WINDOWS\SYSTEM32\Wldp.dll
0x00007ffac4020000 - 0x00007ffac40cd000 	C:\WINDOWS\System32\SHCORE.dll
0x00007ffac48d0000 - 0x00007ffac4925000 	C:\WINDOWS\System32\shlwapi.dll
0x00007ffac34e0000 - 0x00007ffac34ff000 	C:\WINDOWS\SYSTEM32\profapi.dll
0x00007ffab92b0000 - 0x00007ffab92c8000 	C:\Users\Admin Oscar\.jdks\openjdk-17.0.1\bin\zip.dll
0x00007ffab9380000 - 0x00007ffab9399000 	C:\Users\Admin Oscar\.jdks\openjdk-17.0.1\bin\net.dll
0x00007ffab3650000 - 0x00007ffab375c000 	C:\WINDOWS\SYSTEM32\WINHTTP.dll
0x00007ffac2c80000 - 0x00007ffac2cea000 	C:\WINDOWS\system32\mswsock.dll
0x00007ffab92d0000 - 0x00007ffab92e5000 	C:\Users\Admin Oscar\.jdks\openjdk-17.0.1\bin\nio.dll
0x00007ffab9290000 - 0x00007ffab92aa000 	C:\Program Files\JetBrains\IntelliJ IDEA Community Edition 2021.2.3\bin\breakgen64.dll
0x00007ffabca90000 - 0x00007ffabcaa0000 	C:\Users\Admin Oscar\.jdks\openjdk-17.0.1\bin\verify.dll
0x00007ffaba960000 - 0x00007ffaba969000 	C:\Users\Admin Oscar\.jdks\openjdk-17.0.1\bin\management.dll
0x00007ffab9d10000 - 0x00007ffab9d1b000 	C:\Users\Admin Oscar\.jdks\openjdk-17.0.1\bin\management_ext.dll
0x00007ffaadeb0000 - 0x00007ffaadec7000 	C:\WINDOWS\system32\napinsp.dll
0x00007ffaab9d0000 - 0x00007ffaab9eb000 	C:\WINDOWS\system32\pnrpnsp.dll
0x00007ffabc580000 - 0x00007ffabc595000 	C:\WINDOWS\system32\wshbth.dll
0x00007ffabe520000 - 0x00007ffabe53d000 	C:\WINDOWS\system32\NLAapi.dll
0x00007ffac2970000 - 0x00007ffac29ab000 	C:\WINDOWS\SYSTEM32\IPHLPAPI.DLL
0x00007ffac29b0000 - 0x00007ffac2a7b000 	C:\WINDOWS\SYSTEM32\DNSAPI.dll
0x00007ffac5590000 - 0x00007ffac5598000 	C:\WINDOWS\System32\NSI.dll
0x00007ffaab9b0000 - 0x00007ffaab9c2000 	C:\WINDOWS\System32\winrnr.dll
0x00007ffab3590000 - 0x00007ffab359a000 	C:\Windows\System32\rasadhlp.dll
0x00007ffab38e0000 - 0x00007ffab395f000 	C:\WINDOWS\System32\fwpuclnt.dll
0x00007ffac38a0000 - 0x00007ffac38c7000 	C:\WINDOWS\System32\bcrypt.dll

dbghelp: loaded successfully - version: 4.0.5 - missing functions: none
symbol engine: initialized successfully - sym options: 0x614 - pdb path: .;C:\Users\Admin Oscar\.jdks\openjdk-17.0.1\bin;C:\WINDOWS\SYSTEM32;C:\WINDOWS\WinSxS\amd64_microsoft.windows.common-controls_6595b64144ccf1df_6.0.19041.1110_none_60b5254171f9507e;C:\Users\Admin Oscar\.jdks\openjdk-17.0.1\bin\server;C:\Program Files\JetBrains\IntelliJ IDEA Community Edition 2021.2.3\bin

VM Arguments:
jvm_args: -javaagent:C:\Program Files\JetBrains\IntelliJ IDEA Community Edition 2021.2.3\lib\idea_rt.jar=53924:C:\Program Files\JetBrains\IntelliJ IDEA Community Edition 2021.2.3\bin -Dfile.encoding=UTF-8 
java_command: com.example.patientmgtsystem.PatientmgtsystemApplication
java_class_path (initial): C:\Users\Admin Oscar\Documents\patientmgtsystem\target\classes;C:\Users\Admin Oscar\.m2\repository\org\springframework\boot\spring-boot-starter-data-jpa\2.6.3\spring-boot-starter-data-jpa-2.6.3.jar;C:\Users\Admin Oscar\.m2\repository\org\springframework\boot\spring-boot-starter-aop\2.6.3\spring-boot-starter-aop-2.6.3.jar;C:\Users\Admin Oscar\.m2\repository\org\springframework\spring-aop\5.3.15\spring-aop-5.3.15.jar;C:\Users\Admin Oscar\.m2\repository\org\aspectj\aspectjweaver\1.9.7\aspectjweaver-1.9.7.jar;C:\Users\Admin Oscar\.m2\repository\org\springframework\boot\spring-boot-starter-jdbc\2.6.3\spring-boot-starter-jdbc-2.6.3.jar;C:\Users\Admin Oscar\.m2\repository\com\zaxxer\HikariCP\4.0.3\HikariCP-4.0.3.jar;C:\Users\Admin Oscar\.m2\repository\org\springframework\spring-jdbc\5.3.15\spring-jdbc-5.3.15.jar;C:\Users\Admin Oscar\.m2\repository\jakarta\transaction\jakarta.transaction-api\1.3.3\jakarta.transaction-api-1.3.3.jar;C:\Users\Admin Oscar\.m2\repository\jakarta\persistence\jakarta.persistence-api\2.2.3\jakarta.persistence-api-2.2.3.jar;C:\Users\Admin Oscar\.m2\repository\org\hibernate\hibernate-core\5.6.4.Final\hibernate-core-5.6.4.Final.jar;C:\Users\Admin Oscar\.m2\repository\org\jboss\logging\jboss-logging\3.4.3.Final\jboss-logging-3.4.3.Final.jar;C:\Users\Admin Oscar\.m2\repository\net\bytebuddy\byte-buddy\1.11.22\byte-buddy-1.11.22.jar;C:\Users\Admin Oscar\.m2\repository\antlr\antlr\2.7.7\antlr-2.7.7.jar;C:\Users\Admin Oscar\.m2\repository\org\jboss\jandex\2.4.2.Final\jandex-2.4.2.Final.jar;C:\Users\Admin Oscar\.m2\repository\com\fasterxml\classmate\1.5.1\classmate-1.5.1.jar;C:\Users\Admin Oscar\.m2\repository\org\hibernate\common\hibernate-commons-annotations\5.1.2.Final\hibernate-commons-annotations-5.1.2.Final.jar;C:\Users\Admin Oscar\.m2\repository\org\glassfish\jaxb\jaxb-runtime\2.3.5\jaxb-runtime-2.3.5.jar;C:\Users\Admin Oscar\.m2\repository\org\glassfish\jaxb\txw2\2.3.5\txw2-2.3.5.jar;C:\Users\Admin Oscar\.m2\repository\c
Launcher Type: SUN_STANDARD

[Global flags]
     intx CICompilerCount                          = 3                                         {product} {ergonomic}
     uint ConcGCThreads                            = 1                                         {product} {ergonomic}
     uint G1ConcRefinementThreads                  = 4                                         {product} {ergonomic}
   size_t G1HeapRegionSize                         = 1048576                                   {product} {ergonomic}
    uintx GCDrainStackTargetSize                   = 64                                        {product} {ergonomic}
   size_t InitialHeapSize                          = 134217728                                 {product} {ergonomic}
   size_t MarkStackSize                            = 4194304                                   {product} {ergonomic}
   size_t MaxHeapSize                              = 2116026368                                {product} {ergonomic}
   size_t MaxNewSize                               = 1268776960                                {product} {ergonomic}
   size_t MinHeapDeltaBytes                        = 1048576                                   {product} {ergonomic}
   size_t MinHeapSize                              = 8388608                                   {product} {ergonomic}
    uintx NonNMethodCodeHeapSize                   = 5832780                                {pd product} {ergonomic}
    uintx NonProfiledCodeHeapSize                  = 122912730                              {pd product} {ergonomic}
    uintx ProfiledCodeHeapSize                     = 122912730                              {pd product} {ergonomic}
    uintx ReservedCodeCacheSize                    = 251658240                              {pd product} {ergonomic}
     bool SegmentedCodeCache                       = true                                      {product} {ergonomic}
   size_t SoftMaxHeapSize                          = 2116026368                             {manageable} {ergonomic}
     bool UseCompressedClassPointers               = true                           {product lp64_product} {ergonomic}
     bool UseCompressedOops                        = true                           {product lp64_product} {ergonomic}
     bool UseG1GC                                  = true                                      {product} {ergonomic}
     bool UseLargePagesIndividualAllocation        = false                                  {pd product} {ergonomic}

Logging:
Log output configuration:
 #0: stdout all=warning uptime,level,tags
 #1: stderr all=off uptime,level,tags

Environment Variables:
PATH=C:\WINDOWS\system32;C:\WINDOWS;C:\WINDOWS\System32\Wbem;C:\WINDOWS\System32\WindowsPowerShell\v1.0\;C:\Program Files\Intel\WiFi\bin\;C:\Program Files\Common Files\Intel\WirelessCommon\;C:\WINDOWS\System32\OpenSSH\;C:\Program Files\MySQL\MySQL Shell 8.0\bin\;C:\Program Files\Intel\WiFi\bin\;C:\Program Files\Common Files\Intel\WirelessCommon\;%USERPROFILE%\AppData\Local\Microsoft\WindowsApps;
USERNAME=Admin Oscar
OS=Windows_NT
PROCESSOR_IDENTIFIER=Intel64 Family 6 Model 61 Stepping 4, GenuineIntel



---------------  S Y S T E M  ---------------

OS:
 Windows 10 , 64 bit Build 19041 (10.0.19041.1466)
OS uptime: 1 days 3:03 hours

CPU: total 4 (initial active 4) (2 cores per cpu, 2 threads per core) family 6 model 61 stepping 4 microcode 0x2d, cx8, cmov, fxsr, ht, mmx, 3dnowpref, sse, sse2, sse3, ssse3, sse4.1, sse4.2, popcnt, lzcnt, tsc, tscinvbit, avx, avx2, aes, erms, clmul, bmi1, bmi2, rtm, adx, fma, vzeroupper, clflush

Memory: 4k page, system-wide physical 8070M (1700M free)
TotalPageFile size 32646M (AvailPageFile size 3M)
current process WorkingSet (physical memory assigned to process): 190M, peak: 192M
current process commit charge ("private bytes"): 270M, peak: 274M

vm_info: OpenJDK 64-Bit Server VM (17.0.1+12-39) for windows-amd64 JRE (17.0.1+12-39), built on Sep 27 2021 18:39:29 by "mach5one" with MS VC++ 16.8 (VS2019)

END.
