#
# There is insufficient memory for the Java Runtime Environment to continue.
# Native memory allocation (malloc) failed to allocate 32784 bytes for Chunk::new
# Possible reasons:
#   The system is out of physical RAM or swap space
#   The process is running with CompressedOops enabled, and the Java Heap may be blocking the growth of the native heap
# Possible solutions:
#   Reduce memory load on the system
#   Increase physical memory or swap space
#   Check if swap backing store is full
#   Decrease Java heap size (-Xmx/-Xms)
#   Decrease number of Java threads
#   Decrease Java thread stack sizes (-Xss)
#   Set larger code cache with -XX:ReservedCodeCacheSize=
#   JVM is running with Unscaled Compressed Oops mode in which the Java heap is
#     placed in the first 4GB address space. The Java Heap base address is the
#     maximum limit for the native heap growth. Please use -XX:HeapBaseMinAddress
#     to set the Java Heap base and to place the Java Heap above 4GB virtual address.
# This output file may be truncated or incomplete.
#
#  Out of Memory Error (arena.cpp:189), pid=12776, tid=7232
#
# JRE version: OpenJDK Runtime Environment (17.0.1+12) (build 17.0.1+12-39)
# Java VM: OpenJDK 64-Bit Server VM (17.0.1+12-39, mixed mode, sharing, tiered, compressed oops, compressed class ptrs, g1 gc, windows-amd64)
# No core dump will be written. Minidumps are not enabled by default on client versions of Windows
#

---------------  S U M M A R Y ------------

Command Line: -javaagent:C:\Program Files\JetBrains\IntelliJ IDEA Community Edition 2021.2.3\lib\idea_rt.jar=51566:C:\Program Files\JetBrains\IntelliJ IDEA Community Edition 2021.2.3\bin -Dfile.encoding=UTF-8 com.example.patientmgtsystem.PatientmgtsystemApplication

Host: Intel(R) Core(TM) i5-5300U CPU @ 2.30GHz, 4 cores, 7G,  Windows 10 , 64 bit Build 19041 (10.0.19041.1466)
Time: Sat Jan 22 15:15:30 2022 South Africa Standard Time elapsed time: 29.704886 seconds (0d 0h 0m 29s)

---------------  T H R E A D  ---------------

Current thread (0x000001c0fff04fc0):  JavaThread "C2 CompilerThread0" daemon [_thread_in_native, id=7232, stack(0x00000003b0c00000,0x00000003b0d00000)]


Current CompileTask:
C2:  29705 4417   !   4       org.springframework.core.annotation.AnnotationsScanner::processClassHierarchy (227 bytes)

Stack: [0x00000003b0c00000,0x00000003b0d00000]
Native frames: (J=compiled Java code, j=interpreted, Vv=VM code, C=native code)
V  [jvm.dll+0x66fa1a]
V  [jvm.dll+0x7ce5a4]
V  [jvm.dll+0x7cfd4e]
V  [jvm.dll+0x7d03b3]
V  [jvm.dll+0x242b05]
V  [jvm.dll+0xaa05b]
V  [jvm.dll+0xaa5ec]
V  [jvm.dll+0xaa16b]
V  [jvm.dll+0x6c5c6c]
V  [jvm.dll+0x581a7f]
V  [jvm.dll+0x57ecf5]
V  [jvm.dll+0x57ae04]
V  [jvm.dll+0x57aea4]
V  [jvm.dll+0x5788e2]
V  [jvm.dll+0x21dd7d]
V  [jvm.dll+0x2172d1]
V  [jvm.dll+0x214f05]
V  [jvm.dll+0x1a168d]
V  [jvm.dll+0x224848]
V  [jvm.dll+0x2229ac]
V  [jvm.dll+0x78435b]
V  [jvm.dll+0x77e91a]
V  [jvm.dll+0x66e845]
C  [ucrtbase.dll+0x21bb2]
C  [KERNEL32.DLL+0x17034]
C  [ntdll.dll+0x52651]


---------------  P R O C E S S  ---------------

Threads class SMR info:
_java_thread_list=0x000001c083d26740, length=19, elements={
0x000001c0e27f4c10, 0x000001c0ffeeefc0, 0x000001c0ffeefa40, 0x000001c0fff01280,
0x000001c0fff01a40, 0x000001c0fff04110, 0x000001c0fff046d0, 0x000001c0fff04fc0,
0x000001c0fff08690, 0x000001c0fff6f7d0, 0x000001c0829612f0, 0x000001c082aa5920,
0x000001c082aa5df0, 0x000001c083a95180, 0x000001c0855f39b0, 0x000001c085d2e8d0,
0x000001c0841200b0, 0x000001c0863ce640, 0x000001c08418c190
}

Java Threads: ( => current thread )
  0x000001c0e27f4c10 JavaThread "main" [_thread_in_vm, id=9840, stack(0x00000003aff00000,0x00000003b0000000)]
  0x000001c0ffeeefc0 JavaThread "Reference Handler" daemon [_thread_blocked, id=10624, stack(0x00000003b0600000,0x00000003b0700000)]
  0x000001c0ffeefa40 JavaThread "Finalizer" daemon [_thread_blocked, id=12016, stack(0x00000003b0700000,0x00000003b0800000)]
  0x000001c0fff01280 JavaThread "Signal Dispatcher" daemon [_thread_blocked, id=2672, stack(0x00000003b0800000,0x00000003b0900000)]
  0x000001c0fff01a40 JavaThread "Attach Listener" daemon [_thread_blocked, id=3380, stack(0x00000003b0900000,0x00000003b0a00000)]
  0x000001c0fff04110 JavaThread "Service Thread" daemon [_thread_blocked, id=5784, stack(0x00000003b0a00000,0x00000003b0b00000)]
  0x000001c0fff046d0 JavaThread "Monitor Deflation Thread" daemon [_thread_blocked, id=4028, stack(0x00000003b0b00000,0x00000003b0c00000)]
=>0x000001c0fff04fc0 JavaThread "C2 CompilerThread0" daemon [_thread_in_native, id=7232, stack(0x00000003b0c00000,0x00000003b0d00000)]
  0x000001c0fff08690 JavaThread "C1 CompilerThread0" daemon [_thread_blocked, id=12632, stack(0x00000003b0d00000,0x00000003b0e00000)]
  0x000001c0fff6f7d0 JavaThread "Sweeper thread" daemon [_thread_blocked, id=6176, stack(0x00000003b0e00000,0x00000003b0f00000)]
  0x000001c0829612f0 JavaThread "Common-Cleaner" daemon [_thread_blocked, id=10436, stack(0x00000003b0f00000,0x00000003b1000000)]
  0x000001c082aa5920 JavaThread "Monitor Ctrl-Break" daemon [_thread_in_native, id=528, stack(0x00000003b1100000,0x00000003b1200000)]
  0x000001c082aa5df0 JavaThread "Notification Thread" daemon [_thread_blocked, id=12352, stack(0x00000003b1200000,0x00000003b1300000)]
  0x000001c083a95180 JavaThread "Catalina-utility-1" [_thread_blocked, id=10492, stack(0x00000003b1800000,0x00000003b1900000)]
  0x000001c0855f39b0 JavaThread "Catalina-utility-2" [_thread_blocked, id=1616, stack(0x00000003b1900000,0x00000003b1a00000)]
  0x000001c085d2e8d0 JavaThread "container-0" [_thread_blocked, id=12748, stack(0x00000003b1a00000,0x00000003b1b00000)]
  0x000001c0841200b0 JavaThread "mysql-cj-abandoned-connection-cleanup" daemon [_thread_blocked, id=9624, stack(0x00000003b1b00000,0x00000003b1c00000)]
  0x000001c0863ce640 JavaThread "HikariPool-1 housekeeper" daemon [_thread_blocked, id=4000, stack(0x00000003b1d00000,0x00000003b1e00000)]
  0x000001c08418c190 JavaThread "HikariPool-1 connection adder" daemon [_thread_blocked, id=10556, stack(0x00000003b1e00000,0x00000003b1f00000)]

Other Threads:
  0x000001c0ffee9700 VMThread "VM Thread" [stack: 0x00000003b0500000,0x00000003b0600000] [id=6140]
  0x000001c082cf7ca0 WatcherThread [stack: 0x00000003b1000000,0x00000003b1100000] [id=11872]
  0x000001c0e2835b30 GCTaskThread "GC Thread#0" [stack: 0x00000003b0000000,0x00000003b0100000] [id=8776]
  0x000001c0832f0320 GCTaskThread "GC Thread#1" [stack: 0x00000003b1400000,0x00000003b1500000] [id=12228]
  0x000001c082b74cf0 GCTaskThread "GC Thread#2" [stack: 0x00000003b1500000,0x00000003b1600000] [id=12264]
  0x000001c08320ec90 GCTaskThread "GC Thread#3" [stack: 0x00000003b1600000,0x00000003b1700000] [id=10904]
  0x000001c0e28466b0 ConcurrentGCThread "G1 Main Marker" [stack: 0x00000003b0100000,0x00000003b0200000] [id=13076]
  0x000001c0e28470c0 ConcurrentGCThread "G1 Conc#0" [stack: 0x00000003b0200000,0x00000003b0300000] [id=11828]
  0x000001c0e28c1c20 ConcurrentGCThread "G1 Refine#0" [stack: 0x00000003b0300000,0x00000003b0400000] [id=3320]
  0x000001c08309af40 ConcurrentGCThread "G1 Refine#1" [stack: 0x00000003b1700000,0x00000003b1800000] [id=7212]
  0x000001c0e28c2640 ConcurrentGCThread "G1 Service" [stack: 0x00000003b0400000,0x00000003b0500000] [id=868]

Threads with active compile tasks:
C2 CompilerThread0    30130 4417   !   4       org.springframework.core.annotation.AnnotationsScanner::processClassHierarchy (227 bytes)

VM state: not at safepoint (normal execution)

VM Mutex/Monitor currently owned by a thread: None

Heap address: 0x0000000081e00000, size: 2018 MB, Compressed Oops mode: 32-bit

CDS archive(s) mapped at: [0x0000000800000000-0x0000000800bc0000-0x0000000800bc0000), size 12320768, SharedBaseAddress: 0x0000000800000000, ArchiveRelocationMode: 0.
Compressed class space mapped at: 0x0000000800c00000-0x0000000840c00000, reserved size: 1073741824
Narrow klass base: 0x0000000800000000, Narrow klass shift: 0, Narrow klass range: 0x100000000

GC Precious Log:
 CPUs: 4 total, 4 available
 Memory: 8070M
 Large Page Support: Disabled
 NUMA Support: Disabled
 Compressed Oops: Enabled (32-bit)
 Heap Region Size: 1M
 Heap Min Capacity: 8M
 Heap Initial Capacity: 128M
 Heap Max Capacity: 2018M
 Pre-touch: Disabled
 Parallel Workers: 4
 Concurrent Workers: 1
 Concurrent Refinement Workers: 4
 Periodic GC: Disabled

Heap:
 garbage-first heap   total 68608K, used 49535K [0x0000000081e00000, 0x0000000100000000)
  region size 1024K, 37 young (37888K), 4 survivors (4096K)
 Metaspace       used 43116K, committed 43392K, reserved 1089536K
  class space    used 5670K, committed 5824K, reserved 1048576K

Heap Regions: E=young(eden), S=young(survivor), O=old, HS=humongous(starts), HC=humongous(continues), CS=collection set, F=free, OA=open archive, CA=closed archive, TAMS=top-at-mark-start (previous, next)
|   0|0x0000000081e00000, 0x0000000081f00000, 0x0000000081f00000|100%|HS|  |TAMS 0x0000000081f00000, 0x0000000081e00000| Complete 
|   1|0x0000000081f00000, 0x0000000082000000, 0x0000000082000000|100%| O|  |TAMS 0x0000000082000000, 0x0000000081f00000| Untracked 
|   2|0x0000000082000000, 0x0000000082100000, 0x0000000082100000|100%| O|  |TAMS 0x0000000082100000, 0x0000000082000000| Untracked 
|   3|0x0000000082100000, 0x0000000082200000, 0x0000000082200000|100%| O|  |TAMS 0x0000000082200000, 0x0000000082100000| Untracked 
|   4|0x0000000082200000, 0x0000000082300000, 0x0000000082300000|100%| O|  |TAMS 0x0000000082300000, 0x0000000082200000| Untracked 
|   5|0x0000000082300000, 0x0000000082400000, 0x0000000082400000|100%| O|  |TAMS 0x0000000082400000, 0x0000000082300000| Untracked 
|   6|0x0000000082400000, 0x0000000082434c00, 0x0000000082500000| 20%| O|  |TAMS 0x0000000082434c00, 0x0000000082400000| Untracked 
|   7|0x0000000082500000, 0x0000000082600000, 0x0000000082600000|100%| O|  |TAMS 0x0000000082600000, 0x0000000082500000| Untracked 
|   8|0x0000000082600000, 0x0000000082700000, 0x0000000082700000|100%| O|  |TAMS 0x0000000082700000, 0x0000000082600000| Untracked 
|   9|0x0000000082700000, 0x0000000082800000, 0x0000000082800000|100%| O|  |TAMS 0x0000000082800000, 0x0000000082700000| Untracked 
|  10|0x0000000082800000, 0x0000000082900000, 0x0000000082900000|100%| O|  |TAMS 0x0000000082900000, 0x0000000082800000| Untracked 
|  11|0x0000000082900000, 0x0000000082a00000, 0x0000000082a00000|100%| O|  |TAMS 0x0000000082a00000, 0x0000000082900000| Untracked 
|  12|0x0000000082a00000, 0x0000000082b00000, 0x0000000082b00000|100%| O|  |TAMS 0x0000000082b00000, 0x0000000082a00000| Untracked 
|  13|0x0000000082b00000, 0x0000000082c00000, 0x0000000082c00000|100%| O|  |TAMS 0x0000000082c00000, 0x0000000082b00000| Untracked 
|  14|0x0000000082c00000, 0x0000000082cd0e00, 0x0000000082d00000| 81%| O|  |TAMS 0x0000000082cd0e00, 0x0000000082c00000| Untracked 
|  15|0x0000000082d00000, 0x0000000082d00000, 0x0000000082e00000|  0%| F|  |TAMS 0x0000000082d00000, 0x0000000082d00000| Untracked 
|  16|0x0000000082e00000, 0x0000000082e00000, 0x0000000082f00000|  0%| F|  |TAMS 0x0000000082e00000, 0x0000000082e00000| Untracked 
|  17|0x0000000082f00000, 0x0000000082f00000, 0x0000000083000000|  0%| F|  |TAMS 0x0000000082f00000, 0x0000000082f00000| Untracked 
|  18|0x0000000083000000, 0x0000000083000000, 0x0000000083100000|  0%| F|  |TAMS 0x0000000083000000, 0x0000000083000000| Untracked 
|  19|0x0000000083100000, 0x0000000083100000, 0x0000000083200000|  0%| F|  |TAMS 0x0000000083100000, 0x0000000083100000| Untracked 
|  20|0x0000000083200000, 0x0000000083200000, 0x0000000083300000|  0%| F|  |TAMS 0x0000000083200000, 0x0000000083200000| Untracked 
|  21|0x0000000083300000, 0x0000000083300000, 0x0000000083400000|  0%| F|  |TAMS 0x0000000083300000, 0x0000000083300000| Untracked 
|  22|0x0000000083400000, 0x0000000083400000, 0x0000000083500000|  0%| F|  |TAMS 0x0000000083400000, 0x0000000083400000| Untracked 
|  23|0x0000000083500000, 0x0000000083500000, 0x0000000083600000|  0%| F|  |TAMS 0x0000000083500000, 0x0000000083500000| Untracked 
|  24|0x0000000083600000, 0x0000000083600000, 0x0000000083700000|  0%| F|  |TAMS 0x0000000083600000, 0x0000000083600000| Untracked 
|  25|0x0000000083700000, 0x0000000083700000, 0x0000000083800000|  0%| F|  |TAMS 0x0000000083700000, 0x0000000083700000| Untracked 
|  26|0x0000000083800000, 0x0000000083800000, 0x0000000083900000|  0%| F|  |TAMS 0x0000000083800000, 0x0000000083800000| Untracked 
|  27|0x0000000083900000, 0x0000000083900000, 0x0000000083a00000|  0%| F|  |TAMS 0x0000000083900000, 0x0000000083900000| Untracked 
|  28|0x0000000083a00000, 0x0000000083a00000, 0x0000000083b00000|  0%| F|  |TAMS 0x0000000083a00000, 0x0000000083a00000| Untracked 
|  29|0x0000000083b00000, 0x0000000083b00000, 0x0000000083c00000|  0%| F|  |TAMS 0x0000000083b00000, 0x0000000083b00000| Untracked 
|  30|0x0000000083c00000, 0x0000000083d00000, 0x0000000083d00000|100%| E|  |TAMS 0x0000000083c00000, 0x0000000083c00000| Complete 
|  31|0x0000000083d00000, 0x0000000083e00000, 0x0000000083e00000|100%| E|CS|TAMS 0x0000000083d00000, 0x0000000083d00000| Complete 
|  32|0x0000000083e00000, 0x0000000083f00000, 0x0000000083f00000|100%| E|CS|TAMS 0x0000000083e00000, 0x0000000083e00000| Complete 
|  33|0x0000000083f00000, 0x0000000084000000, 0x0000000084000000|100%| E|CS|TAMS 0x0000000083f00000, 0x0000000083f00000| Complete 
|  34|0x0000000084000000, 0x0000000084100000, 0x0000000084100000|100%| E|CS|TAMS 0x0000000084000000, 0x0000000084000000| Complete 
|  35|0x0000000084100000, 0x0000000084200000, 0x0000000084200000|100%| E|CS|TAMS 0x0000000084100000, 0x0000000084100000| Complete 
|  36|0x0000000084200000, 0x0000000084300000, 0x0000000084300000|100%| E|CS|TAMS 0x0000000084200000, 0x0000000084200000| Complete 
|  37|0x0000000084300000, 0x0000000084400000, 0x0000000084400000|100%| E|CS|TAMS 0x0000000084300000, 0x0000000084300000| Complete 
|  38|0x0000000084400000, 0x0000000084500000, 0x0000000084500000|100%| E|CS|TAMS 0x0000000084400000, 0x0000000084400000| Complete 
|  39|0x0000000084500000, 0x0000000084600000, 0x0000000084600000|100%| E|CS|TAMS 0x0000000084500000, 0x0000000084500000| Complete 
|  40|0x0000000084600000, 0x0000000084700000, 0x0000000084700000|100%| E|CS|TAMS 0x0000000084600000, 0x0000000084600000| Complete 
|  41|0x0000000084700000, 0x0000000084800000, 0x0000000084800000|100%| E|CS|TAMS 0x0000000084700000, 0x0000000084700000| Complete 
|  42|0x0000000084800000, 0x0000000084900000, 0x0000000084900000|100%| E|CS|TAMS 0x0000000084800000, 0x0000000084800000| Complete 
|  43|0x0000000084900000, 0x0000000084a00000, 0x0000000084a00000|100%| E|CS|TAMS 0x0000000084900000, 0x0000000084900000| Complete 
|  44|0x0000000084a00000, 0x0000000084b00000, 0x0000000084b00000|100%| E|CS|TAMS 0x0000000084a00000, 0x0000000084a00000| Complete 
|  45|0x0000000084b00000, 0x0000000084c00000, 0x0000000084c00000|100%| E|CS|TAMS 0x0000000084b00000, 0x0000000084b00000| Complete 
|  46|0x0000000084c00000, 0x0000000084d00000, 0x0000000084d00000|100%| E|CS|TAMS 0x0000000084c00000, 0x0000000084c00000| Complete 
|  47|0x0000000084d00000, 0x0000000084e00000, 0x0000000084e00000|100%| E|CS|TAMS 0x0000000084d00000, 0x0000000084d00000| Complete 
|  48|0x0000000084e00000, 0x0000000084f00000, 0x0000000084f00000|100%| E|  |TAMS 0x0000000084e00000, 0x0000000084e00000| Complete 
|  49|0x0000000084f00000, 0x0000000085000000, 0x0000000085000000|100%| E|CS|TAMS 0x0000000084f00000, 0x0000000084f00000| Complete 
|  50|0x0000000085000000, 0x0000000085100000, 0x0000000085100000|100%| E|CS|TAMS 0x0000000085000000, 0x0000000085000000| Complete 
|  51|0x0000000085100000, 0x0000000085200000, 0x0000000085200000|100%| E|CS|TAMS 0x0000000085100000, 0x0000000085100000| Complete 
|  52|0x0000000085200000, 0x0000000085300000, 0x0000000085300000|100%| E|CS|TAMS 0x0000000085200000, 0x0000000085200000| Complete 
|  53|0x0000000085300000, 0x0000000085400000, 0x0000000085400000|100%| E|CS|TAMS 0x0000000085300000, 0x0000000085300000| Complete 
|  54|0x0000000085400000, 0x0000000085500000, 0x0000000085500000|100%| E|CS|TAMS 0x0000000085400000, 0x0000000085400000| Complete 
|  55|0x0000000085500000, 0x0000000085600000, 0x0000000085600000|100%| E|CS|TAMS 0x0000000085500000, 0x0000000085500000| Complete 
|  56|0x0000000085600000, 0x0000000085700000, 0x0000000085700000|100%| E|CS|TAMS 0x0000000085600000, 0x0000000085600000| Complete 
|  57|0x0000000085700000, 0x0000000085800000, 0x0000000085800000|100%| E|CS|TAMS 0x0000000085700000, 0x0000000085700000| Complete 
|  58|0x0000000085800000, 0x0000000085900000, 0x0000000085900000|100%| E|CS|TAMS 0x0000000085800000, 0x0000000085800000| Complete 
|  59|0x0000000085900000, 0x0000000085a00000, 0x0000000085a00000|100%| E|CS|TAMS 0x0000000085900000, 0x0000000085900000| Complete 
|  60|0x0000000085a00000, 0x0000000085b00000, 0x0000000085b00000|100%| E|CS|TAMS 0x0000000085a00000, 0x0000000085a00000| Complete 
|  61|0x0000000085b00000, 0x0000000085c00000, 0x0000000085c00000|100%| E|CS|TAMS 0x0000000085b00000, 0x0000000085b00000| Complete 
|  85|0x0000000087300000, 0x000000008735a548, 0x0000000087400000| 35%| S|CS|TAMS 0x0000000087300000, 0x0000000087300000| Complete 
|  86|0x0000000087400000, 0x0000000087500000, 0x0000000087500000|100%| S|CS|TAMS 0x0000000087400000, 0x0000000087400000| Complete 
|  87|0x0000000087500000, 0x0000000087600000, 0x0000000087600000|100%| S|CS|TAMS 0x0000000087500000, 0x0000000087500000| Complete 
|  88|0x0000000087600000, 0x0000000087700000, 0x0000000087700000|100%| S|CS|TAMS 0x0000000087600000, 0x0000000087600000| Complete 
| 127|0x0000000089d00000, 0x0000000089e00000, 0x0000000089e00000|100%| E|CS|TAMS 0x0000000089d00000, 0x0000000089d00000| Complete 

Card table byte_map: [0x000001c0fb1f0000,0x000001c0fb5f0000] _byte_map_base: 0x000001c0fade1000

Marking Bits (Prev, Next): (CMBitMap*) 0x000001c0e2836140, (CMBitMap*) 0x000001c0e2836180
 Prev Bits: [0x000001c0fb9f0000, 0x000001c0fd978000)
 Next Bits: [0x000001c0fd980000, 0x000001c0ff908000)

Polling page: 0x000001c0eb7a0000

Metaspace:

Usage:
  Non-class:     36.59 MB used.
      Class:      5.54 MB used.
       Both:     42.13 MB used.

Virtual space:
  Non-class space:       40.00 MB reserved,      36.69 MB ( 92%) committed,  5 nodes.
      Class space:        1.00 GB reserved,       5.69 MB ( <1%) committed,  1 nodes.
             Both:        1.04 GB reserved,      42.38 MB (  4%) committed. 

Chunk freelists:
   Non-Class:  2.42 MB
       Class:  2.36 MB
        Both:  4.78 MB

MaxMetaspaceSize: unlimited
CompressedClassSpaceSize: 1.00 GB
Initial GC threshold: 21.00 MB
Current GC threshold: 60.12 MB
CDS: on
MetaspaceReclaimPolicy: balanced
 - commit_granule_bytes: 65536.
 - commit_granule_words: 8192.
 - virtual_space_node_default_size: 1048576.
 - enlarge_chunks_in_place: 1.
 - new_chunks_are_fully_committed: 0.
 - uncommit_free_chunks: 1.
 - use_allocation_guard: 0.
 - handle_deallocations: 1.


Internal statistics:

num_allocs_failed_limit: 12.
num_arena_births: 314.
num_arena_deaths: 0.
num_vsnodes_births: 6.
num_vsnodes_deaths: 0.
num_space_committed: 679.
num_space_uncommitted: 0.
num_chunks_returned_to_freelist: 12.
num_chunks_taken_from_freelist: 1729.
num_chunk_merges: 3.
num_chunk_splits: 1219.
num_chunks_enlarged: 969.
num_purges: 0.
num_inconsistent_stats: 0.

CodeHeap 'non-profiled nmethods': size=120000Kb used=2353Kb max_used=2353Kb free=117646Kb
 bounds [0x000001c0f3290000, 0x000001c0f3500000, 0x000001c0fa7c0000]
CodeHeap 'profiled nmethods': size=120000Kb used=9692Kb max_used=9692Kb free=110307Kb
 bounds [0x000001c0ebd60000, 0x000001c0ec6e0000, 0x000001c0f3290000]
CodeHeap 'non-nmethods': size=5760Kb used=1281Kb max_used=1316Kb free=4479Kb
 bounds [0x000001c0eb7c0000, 0x000001c0eba30000, 0x000001c0ebd60000]
 total_blobs=4982 nmethods=4386 adapters=508
 compilation: enabled
              stopped_count=0, restarted_count=0
 full_count=0

Compilation events (20 events):
Event: 29.188 Thread 0x000001c0840ad440 nmethod 4409 0x000001c0f34cd610 code [0x000001c0f34cd840, 0x000001c0f34ce010]
Event: 29.188 Thread 0x000001c0840ad440 4410   !   4       java.util.zip.ZipFile$Source::readAt (39 bytes)
Event: 29.198 Thread 0x000001c0840ad440 nmethod 4410 0x000001c0f34ce810 code [0x000001c0f34ce9a0, 0x000001c0f34ced58]
Event: 29.216 Thread 0x000001c0840ad440 4412       4       java.util.zip.ZipFile$ZipFileInflaterInputStream::fill (80 bytes)
Event: 29.219 Thread 0x000001c0fff08690 4413   !   3       org.springframework.beans.factory.annotation.AutowiredAnnotationBeanPostProcessor::lambda$determineCandidateConstructors$0 (89 bytes)
Event: 29.223 Thread 0x000001c0fff08690 nmethod 4413 0x000001c0ec6d1210 code [0x000001c0ec6d14e0, 0x000001c0ec6d25f8]
Event: 29.339 Thread 0x000001c0fff08690 4418       1       org.hibernate.boot.model.naming.Identifier::getText (5 bytes)
Event: 29.339 Thread 0x000001c0fff08690 nmethod 4418 0x000001c0f34cef90 code [0x000001c0f34cf120, 0x000001c0f34cf1f8]
Event: 29.349 Thread 0x000001c0840ad440 nmethod 4412 0x000001c0f34cf290 code [0x000001c0f34cf4a0, 0x000001c0f34d07c0]
Event: 29.350 Thread 0x000001c0840ad440 4415       4       org.springframework.core.annotation.TypeMappedAnnotations$MergedAnnotationFinder::doWithAnnotations (75 bytes)
Event: 29.370 Thread 0x000001c0fff08690 4420       1       org.hibernate.engine.jdbc.env.internal.JdbcEnvironmentImpl::getIdentifierHelper (5 bytes)
Event: 29.370 Thread 0x000001c0fff08690 nmethod 4420 0x000001c0f34d1390 code [0x000001c0f34d1520, 0x000001c0f34d15f8]
Event: 29.372 Thread 0x000001c0fff08690 4421       3       org.apache.logging.slf4j.SLF4JLogger::isEnabledFor (118 bytes)
Event: 29.375 Thread 0x000001c0fff08690 nmethod 4421 0x000001c0ec6d2c10 code [0x000001c0ec6d2e80, 0x000001c0ec6d35c8]
Event: 29.393 Thread 0x000001c0fff04fc0 nmethod 4367 0x000001c0f34d1690 code [0x000001c0f34d1920, 0x000001c0f34d4768]
Event: 29.394 Thread 0x000001c0fff04fc0 4417   !   4       org.springframework.core.annotation.AnnotationsScanner::processClassHierarchy (227 bytes)
Event: 29.505 Thread 0x000001c0fff08690 4422       3       java.util.Collections$UnmodifiableMap$UnmodifiableEntrySet$UnmodifiableEntry::getKey (10 bytes)
Event: 29.506 Thread 0x000001c0fff08690 nmethod 4422 0x000001c0ec6d3910 code [0x000001c0ec6d3ac0, 0x000001c0ec6d3c88]
Event: 29.590 Thread 0x000001c0fff08690 4423       3       java.lang.CompoundEnumeration::next (58 bytes)
Event: 29.592 Thread 0x000001c0fff08690 nmethod 4423 0x000001c0ec6d3d90 code [0x000001c0ec6d3f40, 0x000001c0ec6d42a8]

GC Heap History (20 events):
Event: 2.402 GC heap before
{Heap before GC invocations=0 (full 0):
 garbage-first heap   total 131072K, used 14336K [0x0000000081e00000, 0x0000000100000000)
  region size 1024K, 13 young (13312K), 0 survivors (0K)
 Metaspace       used 2711K, committed 2816K, reserved 1056768K
  class space    used 250K, committed 320K, reserved 1048576K
}
Event: 2.429 GC heap after
{Heap after GC invocations=1 (full 0):
 garbage-first heap   total 131072K, used 6272K [0x0000000081e00000, 0x0000000100000000)
  region size 1024K, 2 young (2048K), 2 survivors (2048K)
 Metaspace       used 2711K, committed 2816K, reserved 1056768K
  class space    used 250K, committed 320K, reserved 1048576K
}
Event: 4.099 GC heap before
{Heap before GC invocations=1 (full 0):
 garbage-first heap   total 131072K, used 14464K [0x0000000081e00000, 0x0000000100000000)
  region size 1024K, 10 young (10240K), 2 survivors (2048K)
 Metaspace       used 5379K, committed 5504K, reserved 1056768K
  class space    used 604K, committed 640K, reserved 1048576K
}
Event: 4.112 GC heap after
{Heap after GC invocations=2 (full 0):
 garbage-first heap   total 131072K, used 7171K [0x0000000081e00000, 0x0000000100000000)
  region size 1024K, 1 young (1024K), 1 survivors (1024K)
 Metaspace       used 5379K, committed 5504K, reserved 1056768K
  class space    used 604K, committed 640K, reserved 1048576K
}
Event: 6.818 GC heap before
{Heap before GC invocations=2 (full 0):
 garbage-first heap   total 131072K, used 27651K [0x0000000081e00000, 0x0000000100000000)
  region size 1024K, 22 young (22528K), 1 survivors (1024K)
 Metaspace       used 11083K, committed 11328K, reserved 1064960K
  class space    used 1327K, committed 1408K, reserved 1048576K
}
Event: 6.834 GC heap after
{Heap after GC invocations=3 (full 0):
 garbage-first heap   total 131072K, used 8388K [0x0000000081e00000, 0x0000000100000000)
  region size 1024K, 2 young (2048K), 2 survivors (2048K)
 Metaspace       used 11083K, committed 11328K, reserved 1064960K
  class space    used 1327K, committed 1408K, reserved 1048576K
}
Event: 11.714 GC heap before
{Heap before GC invocations=3 (full 0):
 garbage-first heap   total 131072K, used 83140K [0x0000000081e00000, 0x0000000100000000)
  region size 1024K, 76 young (77824K), 2 survivors (2048K)
 Metaspace       used 17705K, committed 17920K, reserved 1064960K
  class space    used 2148K, committed 2240K, reserved 1048576K
}
Event: 11.742 GC heap after
{Heap after GC invocations=4 (full 0):
 garbage-first heap   total 131072K, used 10777K [0x0000000081e00000, 0x0000000100000000)
  region size 1024K, 5 young (5120K), 5 survivors (5120K)
 Metaspace       used 17705K, committed 17920K, reserved 1064960K
  class space    used 2148K, committed 2240K, reserved 1048576K
}
Event: 15.366 GC heap before
{Heap before GC invocations=4 (full 0):
 garbage-first heap   total 131072K, used 30233K [0x0000000081e00000, 0x0000000100000000)
  region size 1024K, 25 young (25600K), 5 survivors (5120K)
 Metaspace       used 21226K, committed 21504K, reserved 1073152K
  class space    used 2652K, committed 2816K, reserved 1048576K
}
Event: 15.415 GC heap after
{Heap after GC invocations=5 (full 0):
 garbage-first heap   total 131072K, used 12499K [0x0000000081e00000, 0x0000000100000000)
  region size 1024K, 6 young (6144K), 6 survivors (6144K)
 Metaspace       used 21226K, committed 21504K, reserved 1073152K
  class space    used 2652K, committed 2816K, reserved 1048576K
}
Event: 18.486 GC heap before
{Heap before GC invocations=6 (full 0):
 garbage-first heap   total 48128K, used 34003K [0x0000000081e00000, 0x0000000100000000)
  region size 1024K, 28 young (28672K), 6 survivors (6144K)
 Metaspace       used 25308K, committed 25600K, reserved 1073152K
  class space    used 3171K, committed 3264K, reserved 1048576K
}
Event: 18.543 GC heap after
{Heap after GC invocations=7 (full 0):
 garbage-first heap   total 48128K, used 14506K [0x0000000081e00000, 0x0000000100000000)
  region size 1024K, 4 young (4096K), 4 survivors (4096K)
 Metaspace       used 25308K, committed 25600K, reserved 1073152K
  class space    used 3171K, committed 3264K, reserved 1048576K
}
Event: 18.569 GC heap before
{Heap before GC invocations=7 (full 0):
 garbage-first heap   total 48128K, used 32938K [0x0000000081e00000, 0x0000000100000000)
  region size 1024K, 23 young (23552K), 4 survivors (4096K)
 Metaspace       used 25308K, committed 25600K, reserved 1073152K
  class space    used 3171K, committed 3264K, reserved 1048576K
}
Event: 18.602 GC heap after
{Heap after GC invocations=8 (full 0):
 garbage-first heap   total 48128K, used 14416K [0x0000000081e00000, 0x0000000100000000)
  region size 1024K, 1 young (1024K), 1 survivors (1024K)
 Metaspace       used 25308K, committed 25600K, reserved 1073152K
  class space    used 3171K, committed 3264K, reserved 1048576K
}
Event: 19.440 GC heap before
{Heap before GC invocations=8 (full 0):
 garbage-first heap   total 48128K, used 33872K [0x0000000081e00000, 0x0000000100000000)
  region size 1024K, 21 young (21504K), 1 survivors (1024K)
 Metaspace       used 26143K, committed 26368K, reserved 1073152K
  class space    used 3282K, committed 3392K, reserved 1048576K
}
Event: 19.459 GC heap after
{Heap after GC invocations=9 (full 0):
 garbage-first heap   total 48128K, used 14907K [0x0000000081e00000, 0x0000000100000000)
  region size 1024K, 1 young (1024K), 1 survivors (1024K)
 Metaspace       used 26143K, committed 26368K, reserved 1073152K
  class space    used 3282K, committed 3392K, reserved 1048576K
}
Event: 22.463 GC heap before
{Heap before GC invocations=9 (full 0):
 garbage-first heap   total 48128K, used 35387K [0x0000000081e00000, 0x0000000100000000)
  region size 1024K, 21 young (21504K), 1 survivors (1024K)
 Metaspace       used 30828K, committed 31168K, reserved 1081344K
  class space    used 3995K, committed 4160K, reserved 1048576K
}
Event: 22.478 GC heap after
{Heap after GC invocations=10 (full 0):
 garbage-first heap   total 105472K, used 15932K [0x0000000081e00000, 0x0000000100000000)
  region size 1024K, 2 young (2048K), 2 survivors (2048K)
 Metaspace       used 30828K, committed 31168K, reserved 1081344K
  class space    used 3995K, committed 4160K, reserved 1048576K
}
Event: 24.461 GC heap before
{Heap before GC invocations=10 (full 0):
 garbage-first heap   total 105472K, used 29244K [0x0000000081e00000, 0x0000000100000000)
  region size 1024K, 16 young (16384K), 2 survivors (2048K)
 Metaspace       used 35683K, committed 35968K, reserved 1081344K
  class space    used 4652K, committed 4800K, reserved 1048576K
}
Event: 24.480 GC heap after
{Heap after GC invocations=11 (full 0):
 garbage-first heap   total 105472K, used 17791K [0x0000000081e00000, 0x0000000100000000)
  region size 1024K, 4 young (4096K), 4 survivors (4096K)
 Metaspace       used 35683K, committed 35968K, reserved 1081344K
  class space    used 4652K, committed 4800K, reserved 1048576K
}

Deoptimization events (20 events):
Event: 27.374 Thread 0x000001c08418c190 DEOPT PACKING pc=0x000001c0ec5e19d5 sp=0x00000003b1efd770
Event: 27.375 Thread 0x000001c08418c190 DEOPT UNPACKING pc=0x000001c0eb812b43 sp=0x00000003b1efcbf8 mode 0
Event: 27.659 Thread 0x000001c08418c190 DEOPT PACKING pc=0x000001c0ec5e19d5 sp=0x00000003b1efdc50
Event: 27.659 Thread 0x000001c08418c190 DEOPT UNPACKING pc=0x000001c0eb812b43 sp=0x00000003b1efd0d8 mode 0
Event: 27.708 Thread 0x000001c08418c190 DEOPT PACKING pc=0x000001c0ec5e1aad sp=0x00000003b1efd6f0
Event: 27.708 Thread 0x000001c08418c190 DEOPT UNPACKING pc=0x000001c0eb812b43 sp=0x00000003b1efcb78 mode 0
Event: 28.350 Thread 0x000001c0e27f4c10 DEOPT PACKING pc=0x000001c0ec447438 sp=0x00000003afffd4a0
Event: 28.350 Thread 0x000001c0e27f4c10 DEOPT UNPACKING pc=0x000001c0eb812b43 sp=0x00000003afffc9b8 mode 0
Event: 28.594 Thread 0x000001c0e27f4c10 Uncommon trap: trap_request=0xffffff76 fr.pc=0x000001c0f3480c1c relative=0x0000000000000a9c
Event: 28.594 Thread 0x000001c0e27f4c10 Uncommon trap: reason=predicate action=maybe_recompile pc=0x000001c0f3480c1c method=java.util.TreeMap.getEntry(Ljava/lang/Object;)Ljava/util/TreeMap$Entry; @ 29 c2
Event: 28.594 Thread 0x000001c0e27f4c10 DEOPT PACKING pc=0x000001c0f3480c1c sp=0x00000003afffe030
Event: 28.594 Thread 0x000001c0e27f4c10 DEOPT UNPACKING pc=0x000001c0eb8123a3 sp=0x00000003afffdfd8 mode 2
Event: 29.180 Thread 0x000001c0e27f4c10 Uncommon trap: trap_request=0xffffff45 fr.pc=0x000001c0f33f3774 relative=0x0000000000000074
Event: 29.180 Thread 0x000001c0e27f4c10 Uncommon trap: reason=unstable_if action=reinterpret pc=0x000001c0f33f3774 method=jdk.internal.misc.Unsafe.convEndian(ZI)I @ 4 c2
Event: 29.180 Thread 0x000001c0e27f4c10 DEOPT PACKING pc=0x000001c0f33f3774 sp=0x00000003afffdbc0
Event: 29.180 Thread 0x000001c0e27f4c10 DEOPT UNPACKING pc=0x000001c0eb8123a3 sp=0x00000003afffdac8 mode 2
Event: 29.210 Thread 0x000001c0e27f4c10 Uncommon trap: trap_request=0xffffff45 fr.pc=0x000001c0f33baac8 relative=0x00000000000001a8
Event: 29.211 Thread 0x000001c0e27f4c10 Uncommon trap: reason=unstable_if action=reinterpret pc=0x000001c0f33baac8 method=org.springframework.beans.factory.support.AbstractAutowireCapableBeanFactory.determineTargetType(Ljava/lang/String;Lorg/springframework/beans/factory/support/RootBeanDefinit
Event: 29.211 Thread 0x000001c0e27f4c10 DEOPT PACKING pc=0x000001c0f33baac8 sp=0x00000003afffdf60
Event: 29.211 Thread 0x000001c0e27f4c10 DEOPT UNPACKING pc=0x000001c0eb8123a3 sp=0x00000003afffdf18 mode 2

Classes unloaded (0 events):
No events

Classes redefined (0 events):
No events

Internal exceptions (20 events):
Event: 15.598 Thread 0x000001c0e27f4c10 Exception <a 'java/lang/NoSuchMethodError'{0x0000000089d63ce0}: 'java.lang.Object java.lang.invoke.DirectMethodHandle$Holder.invokeSpecialIFC(java.lang.Object, java.lang.Object, java.lang.Object)'> (0x0000000089d63ce0) 
thrown [t:\workspace\open\src\hotspot\share\interpreter\linkResolver.cpp, line 766]
Event: 16.107 Thread 0x000001c0e27f4c10 Exception <a 'java/lang/NoSuchMethodError'{0x000000008459d4f8}: 'int java.lang.invoke.DirectMethodHandle$Holder.invokeSpecial(java.lang.Object, java.lang.Object, java.lang.Object, java.lang.Object, java.lang.Object)'> (0x000000008459d4f8) 
thrown [t:\workspace\open\src\hotspot\share\interpreter\linkResolver.cpp, line 766]
Event: 16.437 Thread 0x000001c0e27f4c10 Exception <a 'java/lang/NoSuchMethodError'{0x00000000843555c8}: 'java.lang.Object java.lang.invoke.DirectMethodHandle$Holder.invokeStatic(java.lang.Object, java.lang.Object, int)'> (0x00000000843555c8) 
thrown [t:\workspace\open\src\hotspot\share\interpreter\linkResolver.cpp, line 766]
Event: 16.450 Thread 0x000001c0e27f4c10 Exception <a 'java/lang/NoSuchMethodError'{0x0000000084360f68}: 'void java.lang.invoke.DelegatingMethodHandle$Holder.delegate(java.lang.Object, java.lang.Object, int, java.lang.Object)'> (0x0000000084360f68) 
thrown [t:\workspace\open\src\hotspot\share\interpreter\linkResolver.cpp, line 766]
Event: 16.680 Thread 0x000001c0e27f4c10 Exception <a 'java/lang/NoSuchMethodError'{0x000000008427e658}: 'void java.lang.invoke.DirectMethodHandle$Holder.invokeInterface(java.lang.Object, java.lang.Object, int)'> (0x000000008427e658) 
thrown [t:\workspace\open\src\hotspot\share\interpreter\linkResolver.cpp, line 766]
Event: 16.696 Thread 0x000001c0e27f4c10 Exception <a 'java/lang/NoSuchMethodError'{0x0000000084298c40}: 'int java.lang.invoke.DirectMethodHandle$Holder.invokeVirtual(java.lang.Object, java.lang.Object)'> (0x0000000084298c40) 
thrown [t:\workspace\open\src\hotspot\share\interpreter\linkResolver.cpp, line 766]
Event: 16.726 Thread 0x000001c0e27f4c10 Exception <a 'java/lang/IncompatibleClassChangeError'{0x00000000842d22c0}: Found class java.lang.Object, but interface was expected> (0x00000000842d22c0) 
thrown [t:\workspace\open\src\hotspot\share\interpreter\linkResolver.cpp, line 833]
Event: 16.729 Thread 0x000001c0e27f4c10 Exception <a 'java/lang/NoSuchMethodError'{0x00000000842d7718}: 'void java.lang.invoke.DirectMethodHandle$Holder.invokeStatic(java.lang.Object, int, java.lang.Object)'> (0x00000000842d7718) 
thrown [t:\workspace\open\src\hotspot\share\interpreter\linkResolver.cpp, line 766]
Event: 16.757 Thread 0x000001c0e27f4c10 Exception <a 'java/lang/NoSuchMethodError'{0x0000000084106828}: 'int java.lang.invoke.DirectMethodHandle$Holder.invokeSpecial(java.lang.Object, java.lang.Object, int)'> (0x0000000084106828) 
thrown [t:\workspace\open\src\hotspot\share\interpreter\linkResolver.cpp, line 766]
Event: 17.364 Thread 0x000001c0e27f4c10 Exception <a 'java/lang/NoSuchMethodError'{0x0000000083ec9ff8}: 'java.lang.Object java.lang.invoke.DirectMethodHandle$Holder.invokeStaticInit(java.lang.Object, int, int, int, int)'> (0x0000000083ec9ff8) 
thrown [t:\workspace\open\src\hotspot\share\interpreter\linkResolver.cpp, line 766]
Event: 17.634 Thread 0x000001c0e27f4c10 Exception <a 'java/lang/NoSuchMethodError'{0x0000000083d8b140}: 'java.lang.Object java.lang.invoke.DirectMethodHandle$Holder.invokeStaticInit(java.lang.Object, java.lang.Object, int, int, int, int)'> (0x0000000083d8b140) 
thrown [t:\workspace\open\src\hotspot\share\interpreter\linkResolver.cpp, line 766]
Event: 18.416 Thread 0x000001c0e27f4c10 Implicit null exception at 0x000001c0f3323eac to 0x000001c0f332550c
Event: 18.826 Thread 0x000001c0e27f4c10 Exception <a 'java/io/FileNotFoundException'{0x0000000083ec9eb0}> (0x0000000083ec9eb0) 
thrown [t:\workspace\open\src\hotspot\share\prims\jni.cpp, line 516]
Event: 18.996 Thread 0x000001c0e27f4c10 Exception <a 'java/lang/NoSuchMethodError'{0x0000000083b06e90}: 'int java.lang.invoke.DirectMethodHandle$Holder.invokeInterface(java.lang.Object, java.lang.Object, java.lang.Object, java.lang.Object)'> (0x0000000083b06e90) 
thrown [t:\workspace\open\src\hotspot\share\interpreter\linkResolver.cpp, line 766]
Event: 19.257 Thread 0x000001c0e27f4c10 Exception <a 'java/io/FileNotFoundException'{0x0000000083aef228}> (0x0000000083aef228) 
thrown [t:\workspace\open\src\hotspot\share\prims\jni.cpp, line 516]
Event: 20.660 Thread 0x000001c0e27f4c10 Implicit null exception at 0x000001c0f33a0213 to 0x000001c0f33a0778
Event: 23.255 Thread 0x000001c0e27f4c10 Implicit null exception at 0x000001c0f3416660 to 0x000001c0f3416bec
Event: 24.272 Thread 0x000001c0e27f4c10 Exception <a 'sun/nio/fs/WindowsException'{0x00000000879b1d38}> (0x00000000879b1d38) 
thrown [t:\workspace\open\src\hotspot\share\prims\jni.cpp, line 516]
Event: 24.305 Thread 0x000001c0e27f4c10 Exception <a 'java/lang/NoSuchMethodError'{0x00000000879d1ad8}: 'int java.lang.invoke.DirectMethodHandle$Holder.invokeStaticInit(java.lang.Object, java.lang.Object, java.lang.Object, java.lang.Object)'> (0x00000000879d1ad8) 
thrown [t:\workspace\open\src\hotspot\share\interpreter\linkResolver.cpp, line 766]
Event: 26.575 Thread 0x000001c0e27f4c10 Exception <a 'java/lang/NoSuchMethodError'{0x00000000852b4938}: 'java.lang.Object java.lang.invoke.DirectMethodHandle$Holder.invokeStaticInit(java.lang.Object, java.lang.Object, java.lang.Object, java.lang.Object)'> (0x00000000852b4938) 
thrown [t:\workspace\open\src\hotspot\share\interpreter\linkResolver.cpp, line 766]

VM Operations (20 events):
Event: 24.459 Executing VM operation: CollectForMetadataAllocation
Event: 24.480 Executing VM operation: CollectForMetadataAllocation done
Event: 24.509 Executing VM operation: CollectForMetadataAllocation
Event: 24.510 Executing VM operation: CollectForMetadataAllocation done
Event: 24.552 Executing VM operation: CollectForMetadataAllocation
Event: 24.552 Executing VM operation: CollectForMetadataAllocation done
Event: 24.624 Executing VM operation: G1Concurrent
Event: 24.639 Executing VM operation: G1Concurrent done
Event: 24.696 Executing VM operation: G1Concurrent
Event: 24.697 Executing VM operation: G1Concurrent done
Event: 25.095 Executing VM operation: HandshakeAllThreads
Event: 25.095 Executing VM operation: HandshakeAllThreads done
Event: 26.097 Executing VM operation: Cleanup
Event: 26.100 Executing VM operation: Cleanup done
Event: 27.105 Executing VM operation: Cleanup
Event: 27.106 Executing VM operation: Cleanup done
Event: 28.152 Executing VM operation: Cleanup
Event: 28.227 Executing VM operation: Cleanup done
Event: 29.241 Executing VM operation: Cleanup
Event: 29.242 Executing VM operation: Cleanup done

Events (20 events):
Event: 26.566 loading class java/lang/StringIndexOutOfBoundsException
Event: 26.567 loading class java/lang/StringIndexOutOfBoundsException done
Event: 26.569 loading class java/io/CharArrayWriter
Event: 26.570 loading class java/io/CharArrayWriter done
Event: 28.888 loading class java/util/regex/Pattern$SliceS
Event: 28.889 loading class java/util/regex/Pattern$SliceS done
Event: 28.926 loading class jdk/internal/ValueBased
Event: 28.926 loading class jdk/internal/ValueBased done
Event: 29.177 loading class sun/security/provider/MD5
Event: 29.178 loading class sun/security/provider/MD5 done
Event: 29.179 loading class sun/security/provider/ByteArrayAccess$LE
Event: 29.180 loading class sun/security/provider/ByteArrayAccess$LE done
Event: 29.181 loading class java/lang/StrictMath
Event: 29.182 loading class java/lang/StrictMath done
Event: 29.628 loading class javax/naming/RefAddr
Event: 29.629 loading class javax/naming/RefAddr done
Event: 29.629 loading class javax/naming/StringRefAddr
Event: 29.629 loading class javax/naming/StringRefAddr done
Event: 29.636 loading class java/io/InvalidObjectException
Event: 29.637 loading class java/io/InvalidObjectException done


Dynamic libraries:
0x00007ff77fb90000 - 0x00007ff77fb9e000 	C:\Users\Admin Oscar\.jdks\openjdk-17.0.1\bin\java.exe
0x00007ffefddf0000 - 0x00007ffefdfe5000 	C:\WINDOWS\SYSTEM32\ntdll.dll
0x00007ffefd5e0000 - 0x00007ffefd69e000 	C:\WINDOWS\System32\KERNEL32.DLL
0x00007ffefba60000 - 0x00007ffefbd28000 	C:\WINDOWS\System32\KERNELBASE.dll
0x00007ffefb5f0000 - 0x00007ffefb6f0000 	C:\WINDOWS\System32\ucrtbase.dll
0x00007ffef7630000 - 0x00007ffef764a000 	C:\Users\Admin Oscar\.jdks\openjdk-17.0.1\bin\VCRUNTIME140.dll
0x00007ffef7d90000 - 0x00007ffef7da8000 	C:\Users\Admin Oscar\.jdks\openjdk-17.0.1\bin\jli.dll
0x00007ffefc920000 - 0x00007ffefcac1000 	C:\WINDOWS\System32\USER32.dll
0x00007ffefbd80000 - 0x00007ffefbda2000 	C:\WINDOWS\System32\win32u.dll
0x00007ffefd6b0000 - 0x00007ffefd6db000 	C:\WINDOWS\System32\GDI32.dll
0x00007ffefbdb0000 - 0x00007ffefbebd000 	C:\WINDOWS\System32\gdi32full.dll
0x00007ffefb720000 - 0x00007ffefb7bd000 	C:\WINDOWS\System32\msvcp_win.dll
0x00007ffeefb90000 - 0x00007ffeefe2a000 	C:\WINDOWS\WinSxS\amd64_microsoft.windows.common-controls_6595b64144ccf1df_6.0.19041.1110_none_60b5254171f9507e\COMCTL32.dll
0x00007ffefd800000 - 0x00007ffefd89e000 	C:\WINDOWS\System32\msvcrt.dll
0x00007ffefd5a0000 - 0x00007ffefd5d0000 	C:\WINDOWS\System32\IMM32.DLL
0x00007ffef7d80000 - 0x00007ffef7d8c000 	C:\Users\Admin Oscar\.jdks\openjdk-17.0.1\bin\vcruntime140_1.dll
0x00007ffeef690000 - 0x00007ffeef71d000 	C:\Users\Admin Oscar\.jdks\openjdk-17.0.1\bin\msvcp140.dll
0x00007ffebd9a0000 - 0x00007ffebe55e000 	C:\Users\Admin Oscar\.jdks\openjdk-17.0.1\bin\server\jvm.dll
0x00007ffefd6e0000 - 0x00007ffefd78e000 	C:\WINDOWS\System32\ADVAPI32.dll
0x00007ffefc870000 - 0x00007ffefc90c000 	C:\WINDOWS\System32\sechost.dll
0x00007ffefdb70000 - 0x00007ffefdc95000 	C:\WINDOWS\System32\RPCRT4.dll
0x00007ffefd6a0000 - 0x00007ffefd6a8000 	C:\WINDOWS\System32\PSAPI.DLL
0x00007ffee65d0000 - 0x00007ffee65d9000 	C:\WINDOWS\SYSTEM32\WSOCK32.dll
0x00007ffefd790000 - 0x00007ffefd7fb000 	C:\WINDOWS\System32\WS2_32.dll
0x00007ffee8d50000 - 0x00007ffee8d77000 	C:\WINDOWS\SYSTEM32\WINMM.dll
0x00007ffeeef70000 - 0x00007ffeeef7a000 	C:\WINDOWS\SYSTEM32\VERSION.dll
0x00007ffef9660000 - 0x00007ffef9672000 	C:\WINDOWS\SYSTEM32\kernel.appcore.dll
0x00007ffef7620000 - 0x00007ffef762a000 	C:\Users\Admin Oscar\.jdks\openjdk-17.0.1\bin\jimage.dll
0x00007ffee99d0000 - 0x00007ffee9bb4000 	C:\WINDOWS\SYSTEM32\DBGHELP.DLL
0x00007ffee8d80000 - 0x00007ffee8dac000 	C:\WINDOWS\SYSTEM32\dbgcore.DLL
0x00007ffefb9d0000 - 0x00007ffefba52000 	C:\WINDOWS\System32\bcryptPrimitives.dll
0x00007ffef67b0000 - 0x00007ffef67be000 	C:\Users\Admin Oscar\.jdks\openjdk-17.0.1\bin\instrument.dll
0x00007ffef5050000 - 0x00007ffef5075000 	C:\Users\Admin Oscar\.jdks\openjdk-17.0.1\bin\java.dll
0x00007ffeed340000 - 0x00007ffeed416000 	C:\Users\Admin Oscar\.jdks\openjdk-17.0.1\bin\svml.dll
0x00007ffefbec0000 - 0x00007ffefc604000 	C:\WINDOWS\System32\SHELL32.dll
0x00007ffef9680000 - 0x00007ffef9e15000 	C:\WINDOWS\SYSTEM32\windows.storage.dll
0x00007ffefd240000 - 0x00007ffefd595000 	C:\WINDOWS\System32\combase.dll
0x00007ffefaf10000 - 0x00007ffefaf3e000 	C:\WINDOWS\SYSTEM32\Wldp.dll
0x00007ffefdca0000 - 0x00007ffefdd4d000 	C:\WINDOWS\System32\SHCORE.dll
0x00007ffefd8a0000 - 0x00007ffefd8f5000 	C:\WINDOWS\System32\shlwapi.dll
0x00007ffefb4d0000 - 0x00007ffefb4ef000 	C:\WINDOWS\SYSTEM32\profapi.dll
0x00007ffef50b0000 - 0x00007ffef50c8000 	C:\Users\Admin Oscar\.jdks\openjdk-17.0.1\bin\zip.dll
0x00007ffef7600000 - 0x00007ffef7619000 	C:\Users\Admin Oscar\.jdks\openjdk-17.0.1\bin\net.dll
0x00007ffeef150000 - 0x00007ffeef25c000 	C:\WINDOWS\SYSTEM32\WINHTTP.dll
0x00007ffefac70000 - 0x00007ffefacda000 	C:\WINDOWS\system32\mswsock.dll
0x00007ffef6700000 - 0x00007ffef6715000 	C:\Users\Admin Oscar\.jdks\openjdk-17.0.1\bin\nio.dll
0x00007ffef3940000 - 0x00007ffef395a000 	C:\Program Files\JetBrains\IntelliJ IDEA Community Edition 2021.2.3\bin\breakgen64.dll
0x00007ffef4df0000 - 0x00007ffef4e00000 	C:\Users\Admin Oscar\.jdks\openjdk-17.0.1\bin\verify.dll
0x00007ffef4dd0000 - 0x00007ffef4dd9000 	C:\Users\Admin Oscar\.jdks\openjdk-17.0.1\bin\management.dll
0x00007ffef3710000 - 0x00007ffef371b000 	C:\Users\Admin Oscar\.jdks\openjdk-17.0.1\bin\management_ext.dll
0x00007ffee5900000 - 0x00007ffee5917000 	C:\WINDOWS\system32\napinsp.dll
0x00007ffee58e0000 - 0x00007ffee58fb000 	C:\WINDOWS\system32\pnrpnsp.dll
0x00007ffef45f0000 - 0x00007ffef4605000 	C:\WINDOWS\system32\wshbth.dll
0x00007ffef65a0000 - 0x00007ffef65bd000 	C:\WINDOWS\system32\NLAapi.dll
0x00007ffefa960000 - 0x00007ffefa99b000 	C:\WINDOWS\SYSTEM32\IPHLPAPI.DLL
0x00007ffefa9a0000 - 0x00007ffefaa6b000 	C:\WINDOWS\SYSTEM32\DNSAPI.dll
0x00007ffefd5d0000 - 0x00007ffefd5d8000 	C:\WINDOWS\System32\NSI.dll
0x00007ffee58c0000 - 0x00007ffee58d2000 	C:\WINDOWS\System32\winrnr.dll
0x00007ffeeed20000 - 0x00007ffeeed2a000 	C:\Windows\System32\rasadhlp.dll
0x00007ffeeeef0000 - 0x00007ffeeef6f000 	C:\WINDOWS\System32\fwpuclnt.dll
0x00007ffefb6f0000 - 0x00007ffefb717000 	C:\WINDOWS\System32\bcrypt.dll
0x00007ffefae60000 - 0x00007ffefae78000 	C:\WINDOWS\SYSTEM32\CRYPTSP.dll
0x00007ffefa5f0000 - 0x00007ffefa624000 	C:\WINDOWS\system32\rsaenh.dll
0x00007ffefb440000 - 0x00007ffefb46e000 	C:\WINDOWS\SYSTEM32\USERENV.dll
0x00007ffefae80000 - 0x00007ffefae8c000 	C:\WINDOWS\SYSTEM32\CRYPTBASE.dll
0x00007ffef49e0000 - 0x00007ffef49f7000 	C:\WINDOWS\SYSTEM32\dhcpcsvc6.DLL
0x00007ffef4940000 - 0x00007ffef495d000 	C:\WINDOWS\SYSTEM32\dhcpcsvc.DLL
0x00007ffef3700000 - 0x00007ffef370e000 	C:\Users\Admin Oscar\.jdks\openjdk-17.0.1\bin\sunmscapi.dll
0x00007ffefb870000 - 0x00007ffefb9c6000 	C:\WINDOWS\System32\CRYPT32.dll
0x00007ffefaf80000 - 0x00007ffefafa7000 	C:\WINDOWS\SYSTEM32\ncrypt.dll
0x00007ffefaf40000 - 0x00007ffefaf7b000 	C:\WINDOWS\SYSTEM32\NTASN1.dll

dbghelp: loaded successfully - version: 4.0.5 - missing functions: none
symbol engine: initialized successfully - sym options: 0x614 - pdb path: .;C:\Users\Admin Oscar\.jdks\openjdk-17.0.1\bin;C:\WINDOWS\SYSTEM32;C:\WINDOWS\WinSxS\amd64_microsoft.windows.common-controls_6595b64144ccf1df_6.0.19041.1110_none_60b5254171f9507e;C:\Users\Admin Oscar\.jdks\openjdk-17.0.1\bin\server;C:\Program Files\JetBrains\IntelliJ IDEA Community Edition 2021.2.3\bin

VM Arguments:
jvm_args: -javaagent:C:\Program Files\JetBrains\IntelliJ IDEA Community Edition 2021.2.3\lib\idea_rt.jar=51566:C:\Program Files\JetBrains\IntelliJ IDEA Community Edition 2021.2.3\bin -Dfile.encoding=UTF-8 
java_command: com.example.patientmgtsystem.PatientmgtsystemApplication
java_class_path (initial): C:\Users\Admin Oscar\Documents\patientmgtsystem\target\classes;C:\Users\Admin Oscar\.m2\repository\org\springframework\boot\spring-boot-starter-data-jpa\2.6.3\spring-boot-starter-data-jpa-2.6.3.jar;C:\Users\Admin Oscar\.m2\repository\org\springframework\boot\spring-boot-starter-aop\2.6.3\spring-boot-starter-aop-2.6.3.jar;C:\Users\Admin Oscar\.m2\repository\org\springframework\spring-aop\5.3.15\spring-aop-5.3.15.jar;C:\Users\Admin Oscar\.m2\repository\org\aspectj\aspectjweaver\1.9.7\aspectjweaver-1.9.7.jar;C:\Users\Admin Oscar\.m2\repository\org\springframework\boot\spring-boot-starter-jdbc\2.6.3\spring-boot-starter-jdbc-2.6.3.jar;C:\Users\Admin Oscar\.m2\repository\com\zaxxer\HikariCP\4.0.3\HikariCP-4.0.3.jar;C:\Users\Admin Oscar\.m2\repository\org\springframework\spring-jdbc\5.3.15\spring-jdbc-5.3.15.jar;C:\Users\Admin Oscar\.m2\repository\jakarta\transaction\jakarta.transaction-api\1.3.3\jakarta.transaction-api-1.3.3.jar;C:\Users\Admin Oscar\.m2\repository\jakarta\persistence\jakarta.persistence-api\2.2.3\jakarta.persistence-api-2.2.3.jar;C:\Users\Admin Oscar\.m2\repository\org\hibernate\hibernate-core\5.6.4.Final\hibernate-core-5.6.4.Final.jar;C:\Users\Admin Oscar\.m2\repository\org\jboss\logging\jboss-logging\3.4.3.Final\jboss-logging-3.4.3.Final.jar;C:\Users\Admin Oscar\.m2\repository\net\bytebuddy\byte-buddy\1.11.22\byte-buddy-1.11.22.jar;C:\Users\Admin Oscar\.m2\repository\antlr\antlr\2.7.7\antlr-2.7.7.jar;C:\Users\Admin Oscar\.m2\repository\org\jboss\jandex\2.4.2.Final\jandex-2.4.2.Final.jar;C:\Users\Admin Oscar\.m2\repository\com\fasterxml\classmate\1.5.1\classmate-1.5.1.jar;C:\Users\Admin Oscar\.m2\repository\org\hibernate\common\hibernate-commons-annotations\5.1.2.Final\hibernate-commons-annotations-5.1.2.Final.jar;C:\Users\Admin Oscar\.m2\repository\org\glassfish\jaxb\jaxb-runtime\2.3.5\jaxb-runtime-2.3.5.jar;C:\Users\Admin Oscar\.m2\repository\org\glassfish\jaxb\txw2\2.3.5\txw2-2.3.5.jar;C:\Users\Admin Oscar\.m2\repository\c
Launcher Type: SUN_STANDARD

[Global flags]
     intx CICompilerCount                          = 3                                         {product} {ergonomic}
     uint ConcGCThreads                            = 1                                         {product} {ergonomic}
     uint G1ConcRefinementThreads                  = 4                                         {product} {ergonomic}
   size_t G1HeapRegionSize                         = 1048576                                   {product} {ergonomic}
    uintx GCDrainStackTargetSize                   = 64                                        {product} {ergonomic}
   size_t InitialHeapSize                          = 134217728                                 {product} {ergonomic}
   size_t MarkStackSize                            = 4194304                                   {product} {ergonomic}
   size_t MaxHeapSize                              = 2116026368                                {product} {ergonomic}
   size_t MaxNewSize                               = 1268776960                                {product} {ergonomic}
   size_t MinHeapDeltaBytes                        = 1048576                                   {product} {ergonomic}
   size_t MinHeapSize                              = 8388608                                   {product} {ergonomic}
    uintx NonNMethodCodeHeapSize                   = 5832780                                {pd product} {ergonomic}
    uintx NonProfiledCodeHeapSize                  = 122912730                              {pd product} {ergonomic}
    uintx ProfiledCodeHeapSize                     = 122912730                              {pd product} {ergonomic}
    uintx ReservedCodeCacheSize                    = 251658240                              {pd product} {ergonomic}
     bool SegmentedCodeCache                       = true                                      {product} {ergonomic}
   size_t SoftMaxHeapSize                          = 2116026368                             {manageable} {ergonomic}
     bool UseCompressedClassPointers               = true                           {product lp64_product} {ergonomic}
     bool UseCompressedOops                        = true                           {product lp64_product} {ergonomic}
     bool UseG1GC                                  = true                                      {product} {ergonomic}
     bool UseLargePagesIndividualAllocation        = false                                  {pd product} {ergonomic}

Logging:
Log output configuration:
 #0: stdout all=warning uptime,level,tags
 #1: stderr all=off uptime,level,tags

Environment Variables:
PATH=C:\WINDOWS\system32;C:\WINDOWS;C:\WINDOWS\System32\Wbem;C:\WINDOWS\System32\WindowsPowerShell\v1.0\;C:\Program Files\Intel\WiFi\bin\;C:\Program Files\Common Files\Intel\WirelessCommon\;C:\WINDOWS\System32\OpenSSH\;C:\Program Files\MySQL\MySQL Shell 8.0\bin\;C:\Program Files\Intel\WiFi\bin\;C:\Program Files\Common Files\Intel\WirelessCommon\;%USERPROFILE%\AppData\Local\Microsoft\WindowsApps;
USERNAME=Admin Oscar
OS=Windows_NT
PROCESSOR_IDENTIFIER=Intel64 Family 6 Model 61 Stepping 4, GenuineIntel



---------------  S Y S T E M  ---------------

OS:
 Windows 10 , 64 bit Build 19041 (10.0.19041.1466)
OS uptime: 0 days 21:29 hours

CPU: total 4 (initial active 4) (2 cores per cpu, 2 threads per core) family 6 model 61 stepping 4 microcode 0x2d, cx8, cmov, fxsr, ht, mmx, 3dnowpref, sse, sse2, sse3, ssse3, sse4.1, sse4.2, popcnt, lzcnt, tsc, tscinvbit, avx, avx2, aes, erms, clmul, bmi1, bmi2, rtm, adx, fma, vzeroupper, clflush

Memory: 4k page, system-wide physical 8070M (1766M free)
TotalPageFile size 32646M (AvailPageFile size 1M)
current process WorkingSet (physical memory assigned to process): 205M, peak: 205M
current process commit charge ("private bytes"): 238M, peak: 268M

vm_info: OpenJDK 64-Bit Server VM (17.0.1+12-39) for windows-amd64 JRE (17.0.1+12-39), built on Sep 27 2021 18:39:29 by "mach5one" with MS VC++ 16.8 (VS2019)

END.
